0 verbose cli /opt/homebrew/Cellar/node/25.6.1/bin/node /opt/homebrew/bin/npm
1 info using npm@11.9.0
2 info using node@v25.6.1
3 silly config load:file:/opt/homebrew/lib/node_modules/npm/npmrc
4 silly config load:file:/Users/capp/Documents/uk-property-refurb-estimator/.npmrc
5 silly config load:file:/Users/capp/.npmrc
6 silly config load:file:/opt/homebrew/etc/npmrc
7 verbose title npm install
8 verbose argv "install" "--cache" ".npm-cache"
9 verbose logfile logs-max:10 dir:/Users/capp/Documents/uk-property-refurb-estimator/.npm-cache/_logs/2026-03-18T19_09_50_336Z-
10 verbose logfile /Users/capp/Documents/uk-property-refurb-estimator/.npm-cache/_logs/2026-03-18T19_09_50_336Z-debug-0.log
11 silly logfile done cleaning log files
12 silly packumentCache heap:2348810240 maxSize:587202560 maxEntrySize:293601280
13 silly idealTree buildDeps
14 silly fetch manifest next@15.2.2
15 silly packumentCache full:https://registry.npmjs.org/next cache-miss
16 http fetch GET 200 https://registry.npmjs.org/npm 157ms
17 http fetch GET 200 https://registry.npmjs.org/next 451ms (cache miss)
18 silly packumentCache full:https://registry.npmjs.org/next set size:undefined disposed:false
19 silly fetch manifest @opentelemetry/api@^1.1.0
20 silly packumentCache full:https://registry.npmjs.org/@opentelemetry%2fapi cache-miss
21 http fetch GET 200 https://registry.npmjs.org/@opentelemetry%2fapi 63ms (cache miss)
22 silly packumentCache full:https://registry.npmjs.org/@opentelemetry%2fapi set size:undefined disposed:false
23 silly fetch manifest @playwright/test@^1.41.2
24 silly packumentCache full:https://registry.npmjs.org/@playwright%2ftest cache-miss
25 http fetch GET 200 https://registry.npmjs.org/@playwright%2ftest 285ms (cache miss)
26 silly packumentCache full:https://registry.npmjs.org/@playwright%2ftest set size:undefined disposed:false
27 silly fetch manifest babel-plugin-react-compiler@*
28 silly packumentCache full:https://registry.npmjs.org/babel-plugin-react-compiler cache-miss
29 http fetch GET 200 https://registry.npmjs.org/babel-plugin-react-compiler 48ms (cache miss)
30 silly packumentCache full:https://registry.npmjs.org/babel-plugin-react-compiler set size:undefined disposed:false
31 silly fetch manifest react@19.0.0
32 silly packumentCache full:https://registry.npmjs.org/react cache-miss
33 http fetch GET 200 https://registry.npmjs.org/react 197ms (cache miss)
34 silly packumentCache full:https://registry.npmjs.org/react set size:undefined disposed:false
35 silly fetch manifest react-dom@19.0.0
36 silly packumentCache full:https://registry.npmjs.org/react-dom cache-miss
37 http fetch GET 200 https://registry.npmjs.org/react-dom 245ms (cache miss)
38 silly packumentCache full:https://registry.npmjs.org/react-dom set size:undefined disposed:false
39 silly fetch manifest sass@^1.3.0
40 silly packumentCache full:https://registry.npmjs.org/sass cache-miss
41 http fetch GET 200 https://registry.npmjs.org/sass 55ms (cache miss)
42 silly packumentCache full:https://registry.npmjs.org/sass set size:undefined disposed:false
43 silly fetch manifest @types/node@22.13.10
44 silly packumentCache full:https://registry.npmjs.org/@types%2fnode cache-miss
45 http fetch GET 200 https://registry.npmjs.org/@types%2fnode 298ms (cache miss)
46 silly packumentCache full:https://registry.npmjs.org/@types%2fnode set size:undefined disposed:false
47 silly fetch manifest @types/react@19.0.10
48 silly packumentCache full:https://registry.npmjs.org/@types%2freact cache-miss
49 http fetch GET 200 https://registry.npmjs.org/@types%2freact 91ms (cache miss)
50 silly packumentCache full:https://registry.npmjs.org/@types%2freact set size:undefined disposed:false
51 silly fetch manifest @types/react-dom@19.0.4
52 silly packumentCache full:https://registry.npmjs.org/@types%2freact-dom cache-miss
53 http fetch GET 200 https://registry.npmjs.org/@types%2freact-dom 59ms (cache miss)
54 silly packumentCache full:https://registry.npmjs.org/@types%2freact-dom set size:undefined disposed:false
55 silly fetch manifest typescript@5.8.2
56 silly packumentCache full:https://registry.npmjs.org/typescript cache-miss
57 http fetch GET 200 https://registry.npmjs.org/typescript 360ms (cache miss)
58 silly packumentCache full:https://registry.npmjs.org/typescript set size:undefined disposed:false
59 silly placeDep ROOT @types/node@22.13.10 OK for: uk-property-refurb-estimator@0.1.0 want: 22.13.10
60 silly placeDep ROOT @types/react@19.0.10 OK for: uk-property-refurb-estimator@0.1.0 want: 19.0.10
61 silly placeDep ROOT @types/react-dom@19.0.4 OK for: uk-property-refurb-estimator@0.1.0 want: 19.0.4
62 silly placeDep ROOT next@15.2.2 OK for: uk-property-refurb-estimator@0.1.0 want: 15.2.2
63 silly placeDep ROOT react@19.0.0 OK for: next@15.2.2 want: ^18.2.0 || 19.0.0-rc-de68d2f4-20241204 || ^19.0.0
64 silly placeDep ROOT react-dom@19.0.0 OK for: next@15.2.2 want: ^18.2.0 || 19.0.0-rc-de68d2f4-20241204 || ^19.0.0
65 silly placeDep ROOT typescript@5.8.2 OK for: uk-property-refurb-estimator@0.1.0 want: 5.8.2
66 silly fetch manifest undici-types@~6.20.0
67 silly packumentCache full:https://registry.npmjs.org/undici-types cache-miss
68 silly fetch manifest csstype@^3.0.2
69 silly packumentCache full:https://registry.npmjs.org/csstype cache-miss
70 silly fetch manifest busboy@1.6.0
71 silly packumentCache full:https://registry.npmjs.org/busboy cache-miss
72 silly fetch manifest postcss@8.4.31
73 silly packumentCache full:https://registry.npmjs.org/postcss cache-miss
74 silly fetch manifest @next/env@15.2.2
75 silly packumentCache full:https://registry.npmjs.org/@next%2fenv cache-miss
76 silly fetch manifest styled-jsx@5.1.6
77 silly packumentCache full:https://registry.npmjs.org/styled-jsx cache-miss
78 silly fetch manifest @swc/counter@0.1.3
79 silly packumentCache full:https://registry.npmjs.org/@swc%2fcounter cache-miss
80 http fetch GET 200 https://registry.npmjs.org/undici-types 57ms (cache miss)
81 silly packumentCache full:https://registry.npmjs.org/undici-types set size:undefined disposed:false
82 silly fetch manifest @swc/helpers@0.5.15
83 silly packumentCache full:https://registry.npmjs.org/@swc%2fhelpers cache-miss
84 http fetch GET 200 https://registry.npmjs.org/csstype 60ms (cache miss)
85 silly packumentCache full:https://registry.npmjs.org/csstype set size:undefined disposed:false
86 silly fetch manifest caniuse-lite@^1.0.30001579
87 silly packumentCache full:https://registry.npmjs.org/caniuse-lite cache-miss
88 http fetch GET 200 https://registry.npmjs.org/busboy 133ms (cache miss)
89 silly packumentCache full:https://registry.npmjs.org/busboy set size:undefined disposed:false
90 silly fetch manifest sharp@^0.33.5
91 silly packumentCache full:https://registry.npmjs.org/sharp cache-miss
92 http fetch GET 200 https://registry.npmjs.org/styled-jsx 183ms (cache miss)
93 silly packumentCache full:https://registry.npmjs.org/styled-jsx set size:undefined disposed:false
94 silly fetch manifest @next/swc-darwin-x64@15.2.2
95 silly packumentCache full:https://registry.npmjs.org/@next%2fswc-darwin-x64 cache-miss
96 http fetch GET 200 https://registry.npmjs.org/caniuse-lite 131ms (cache miss)
97 silly packumentCache full:https://registry.npmjs.org/caniuse-lite set size:undefined disposed:false
98 silly fetch manifest @next/swc-darwin-arm64@15.2.2
99 silly packumentCache full:https://registry.npmjs.org/@next%2fswc-darwin-arm64 cache-miss
100 http fetch GET 200 https://registry.npmjs.org/@swc%2fhelpers 147ms (cache miss)
101 silly packumentCache full:https://registry.npmjs.org/@swc%2fhelpers set size:undefined disposed:false
102 silly fetch manifest @next/swc-linux-x64-gnu@15.2.2
103 silly packumentCache full:https://registry.npmjs.org/@next%2fswc-linux-x64-gnu cache-miss
104 http fetch GET 200 https://registry.npmjs.org/@swc%2fcounter 214ms (cache miss)
105 silly packumentCache full:https://registry.npmjs.org/@swc%2fcounter set size:undefined disposed:false
106 silly fetch manifest @next/swc-linux-x64-musl@15.2.2
107 silly packumentCache full:https://registry.npmjs.org/@next%2fswc-linux-x64-musl cache-miss
108 http fetch GET 200 https://registry.npmjs.org/postcss 217ms (cache miss)
109 silly packumentCache full:https://registry.npmjs.org/postcss set size:undefined disposed:false
110 silly fetch manifest @next/swc-win32-x64-msvc@15.2.2
111 silly packumentCache full:https://registry.npmjs.org/@next%2fswc-win32-x64-msvc cache-miss
112 http fetch GET 200 https://registry.npmjs.org/sharp 176ms (cache miss)
113 silly packumentCache full:https://registry.npmjs.org/sharp set size:undefined disposed:false
114 silly fetch manifest @next/swc-linux-arm64-gnu@15.2.2
115 silly packumentCache full:https://registry.npmjs.org/@next%2fswc-linux-arm64-gnu cache-miss
116 http fetch GET 200 https://registry.npmjs.org/@next%2fswc-linux-x64-gnu 486ms (cache miss)
117 silly packumentCache full:https://registry.npmjs.org/@next%2fswc-linux-x64-gnu set size:undefined disposed:false
118 silly fetch manifest @next/swc-linux-arm64-musl@15.2.2
119 silly packumentCache full:https://registry.npmjs.org/@next%2fswc-linux-arm64-musl cache-miss
120 http fetch GET 200 https://registry.npmjs.org/@next%2fswc-darwin-arm64 525ms (cache miss)
121 silly packumentCache full:https://registry.npmjs.org/@next%2fswc-darwin-arm64 set size:undefined disposed:false
122 silly fetch manifest @next/swc-win32-arm64-msvc@15.2.2
123 silly packumentCache full:https://registry.npmjs.org/@next%2fswc-win32-arm64-msvc cache-miss
124 http fetch GET 200 https://registry.npmjs.org/@next%2fswc-darwin-x64 627ms (cache miss)
125 silly packumentCache full:https://registry.npmjs.org/@next%2fswc-darwin-x64 set size:undefined disposed:false
126 silly fetch manifest scheduler@^0.25.0
127 silly packumentCache full:https://registry.npmjs.org/scheduler cache-miss
128 http fetch GET 200 https://registry.npmjs.org/@next%2fenv 1366ms (cache miss)
129 silly packumentCache full:https://registry.npmjs.org/@next%2fenv set size:undefined disposed:false
130 http fetch GET 200 https://registry.npmjs.org/@next%2fswc-win32-arm64-msvc 649ms (cache miss)
131 silly packumentCache full:https://registry.npmjs.org/@next%2fswc-win32-arm64-msvc set size:undefined disposed:false
132 http fetch GET 200 https://registry.npmjs.org/@next%2fswc-linux-arm64-musl 753ms (cache miss)
133 silly packumentCache full:https://registry.npmjs.org/@next%2fswc-linux-arm64-musl set size:undefined disposed:false
134 http fetch GET 200 https://registry.npmjs.org/@next%2fswc-linux-x64-musl 1276ms (cache miss)
135 silly packumentCache full:https://registry.npmjs.org/@next%2fswc-linux-x64-musl set size:undefined disposed:false
136 http fetch GET 200 https://registry.npmjs.org/@next%2fswc-linux-arm64-gnu 1195ms (cache miss)
137 silly packumentCache full:https://registry.npmjs.org/@next%2fswc-linux-arm64-gnu set size:undefined disposed:false
138 http fetch GET 200 https://registry.npmjs.org/scheduler 704ms (cache miss)
139 silly packumentCache full:https://registry.npmjs.org/scheduler set size:undefined disposed:false
140 http fetch GET 200 https://registry.npmjs.org/@next%2fswc-win32-x64-msvc 1374ms (cache miss)
141 silly packumentCache full:https://registry.npmjs.org/@next%2fswc-win32-x64-msvc set size:undefined disposed:false
142 silly placeDep ROOT undici-types@6.20.0 OK for: @types/node@22.13.10 want: ~6.20.0
143 silly placeDep ROOT csstype@3.2.3 OK for: @types/react@19.0.10 want: ^3.0.2
144 silly fetch manifest react@^18.2.0 || 19.0.0-rc-de68d2f4-20241204 || ^19.0.0
145 silly packumentCache full:https://registry.npmjs.org/react cache-miss
146 http cache https://registry.npmjs.org/react 9ms (cache hit)
147 silly packumentCache full:https://registry.npmjs.org/react set size:6551456 disposed:false
148 silly placeDep ROOT @next/env@15.2.2 OK for: next@15.2.2 want: 15.2.2
149 silly placeDep ROOT @next/swc-darwin-arm64@15.2.2 OK for: next@15.2.2 want: 15.2.2
150 silly placeDep ROOT @next/swc-darwin-x64@15.2.2 OK for: next@15.2.2 want: 15.2.2
151 silly placeDep ROOT @next/swc-linux-arm64-gnu@15.2.2 OK for: next@15.2.2 want: 15.2.2
152 silly placeDep ROOT @next/swc-linux-arm64-musl@15.2.2 OK for: next@15.2.2 want: 15.2.2
153 silly placeDep ROOT @next/swc-linux-x64-gnu@15.2.2 OK for: next@15.2.2 want: 15.2.2
154 silly placeDep ROOT @next/swc-linux-x64-musl@15.2.2 OK for: next@15.2.2 want: 15.2.2
155 silly placeDep ROOT @next/swc-win32-arm64-msvc@15.2.2 OK for: next@15.2.2 want: 15.2.2
156 silly placeDep ROOT @next/swc-win32-x64-msvc@15.2.2 OK for: next@15.2.2 want: 15.2.2
157 silly placeDep ROOT @swc/counter@0.1.3 OK for: next@15.2.2 want: 0.1.3
158 silly placeDep ROOT @swc/helpers@0.5.15 OK for: next@15.2.2 want: 0.5.15
159 silly placeDep ROOT busboy@1.6.0 OK for: next@15.2.2 want: 1.6.0
160 silly placeDep ROOT caniuse-lite@1.0.30001780 OK for: next@15.2.2 want: ^1.0.30001579
161 silly placeDep ROOT postcss@8.4.31 OK for: next@15.2.2 want: 8.4.31
162 silly placeDep ROOT sharp@0.33.5 OK for: next@15.2.2 want: ^0.33.5
163 silly placeDep ROOT styled-jsx@5.1.6 OK for: next@15.2.2 want: 5.1.6
164 silly fetch manifest tslib@^2.8.0
165 silly packumentCache full:https://registry.npmjs.org/tslib cache-miss
166 silly fetch manifest streamsearch@^1.1.0
167 silly packumentCache full:https://registry.npmjs.org/streamsearch cache-miss
168 silly fetch manifest nanoid@^3.3.6
169 silly packumentCache full:https://registry.npmjs.org/nanoid cache-miss
170 silly fetch manifest picocolors@^1.0.0
171 silly packumentCache full:https://registry.npmjs.org/picocolors cache-miss
172 silly fetch manifest source-map-js@^1.0.2
173 silly packumentCache full:https://registry.npmjs.org/source-map-js cache-miss
174 silly fetch manifest color@^4.2.3
175 silly packumentCache full:https://registry.npmjs.org/color cache-miss
176 silly fetch manifest semver@^7.6.3
177 silly packumentCache full:https://registry.npmjs.org/semver cache-miss
178 http fetch GET 200 https://registry.npmjs.org/picocolors 42ms (cache miss)
179 silly packumentCache full:https://registry.npmjs.org/picocolors set size:undefined disposed:false
180 silly fetch manifest detect-libc@^2.0.3
181 silly packumentCache full:https://registry.npmjs.org/detect-libc cache-miss
182 http fetch GET 200 https://registry.npmjs.org/source-map-js 48ms (cache miss)
183 silly packumentCache full:https://registry.npmjs.org/source-map-js set size:undefined disposed:false
184 silly fetch manifest @img/sharp-wasm32@0.33.5
185 silly packumentCache full:https://registry.npmjs.org/@img%2fsharp-wasm32 cache-miss
186 http fetch GET 200 https://registry.npmjs.org/color 49ms (cache miss)
187 silly packumentCache full:https://registry.npmjs.org/color set size:undefined disposed:false
188 silly fetch manifest @img/sharp-linux-arm@0.33.5
189 silly packumentCache full:https://registry.npmjs.org/@img%2fsharp-linux-arm cache-miss
190 http fetch GET 200 https://registry.npmjs.org/streamsearch 52ms (cache miss)
191 silly packumentCache full:https://registry.npmjs.org/streamsearch set size:undefined disposed:false
192 silly fetch manifest @img/sharp-linux-x64@0.33.5
193 silly packumentCache full:https://registry.npmjs.org/@img%2fsharp-linux-x64 cache-miss
194 http fetch GET 200 https://registry.npmjs.org/tslib 56ms (cache miss)
195 silly packumentCache full:https://registry.npmjs.org/tslib set size:undefined disposed:false
196 silly fetch manifest @img/sharp-win32-x64@0.33.5
197 silly packumentCache full:https://registry.npmjs.org/@img%2fsharp-win32-x64 cache-miss
198 http fetch GET 200 https://registry.npmjs.org/nanoid 63ms (cache miss)
199 silly packumentCache full:https://registry.npmjs.org/nanoid set size:undefined disposed:false
200 silly fetch manifest @img/sharp-darwin-x64@0.33.5
201 silly packumentCache full:https://registry.npmjs.org/@img%2fsharp-darwin-x64 cache-miss
202 http fetch GET 200 https://registry.npmjs.org/semver 74ms (cache miss)
203 silly packumentCache full:https://registry.npmjs.org/semver set size:undefined disposed:false
204 silly fetch manifest @img/sharp-win32-ia32@0.33.5
205 silly packumentCache full:https://registry.npmjs.org/@img%2fsharp-win32-ia32 cache-miss
206 http fetch GET 200 https://registry.npmjs.org/detect-libc 37ms (cache miss)
207 silly packumentCache full:https://registry.npmjs.org/detect-libc set size:undefined disposed:false
208 silly fetch manifest @img/sharp-linux-arm64@0.33.5
209 silly packumentCache full:https://registry.npmjs.org/@img%2fsharp-linux-arm64 cache-miss
210 http fetch GET 200 https://registry.npmjs.org/@img%2fsharp-wasm32 51ms (cache miss)
211 silly packumentCache full:https://registry.npmjs.org/@img%2fsharp-wasm32 set size:undefined disposed:false
212 silly fetch manifest @img/sharp-linux-s390x@0.33.5
213 silly packumentCache full:https://registry.npmjs.org/@img%2fsharp-linux-s390x cache-miss
214 http fetch GET 200 https://registry.npmjs.org/@img%2fsharp-linux-arm 52ms (cache miss)
215 silly packumentCache full:https://registry.npmjs.org/@img%2fsharp-linux-arm set size:undefined disposed:false
216 silly fetch manifest @img/sharp-darwin-arm64@0.33.5
217 silly packumentCache full:https://registry.npmjs.org/@img%2fsharp-darwin-arm64 cache-miss
218 http fetch GET 200 https://registry.npmjs.org/@img%2fsharp-linux-x64 52ms (cache miss)
219 silly packumentCache full:https://registry.npmjs.org/@img%2fsharp-linux-x64 set size:undefined disposed:false
220 silly fetch manifest @img/sharp-linuxmusl-x64@0.33.5
221 silly packumentCache full:https://registry.npmjs.org/@img%2fsharp-linuxmusl-x64 cache-miss
222 http fetch GET 200 https://registry.npmjs.org/@img%2fsharp-darwin-x64 51ms (cache miss)
223 silly packumentCache full:https://registry.npmjs.org/@img%2fsharp-darwin-x64 set size:undefined disposed:false
224 silly fetch manifest @img/sharp-linuxmusl-arm64@0.33.5
225 silly packumentCache full:https://registry.npmjs.org/@img%2fsharp-linuxmusl-arm64 cache-miss
226 http fetch GET 200 https://registry.npmjs.org/@img%2fsharp-win32-x64 62ms (cache miss)
227 silly packumentCache full:https://registry.npmjs.org/@img%2fsharp-win32-x64 set size:undefined disposed:false
228 silly fetch manifest @img/sharp-libvips-linux-arm@1.0.5
229 silly packumentCache full:https://registry.npmjs.org/@img%2fsharp-libvips-linux-arm cache-miss
230 http fetch GET 200 https://registry.npmjs.org/@img%2fsharp-linux-arm64 60ms (cache miss)
231 silly packumentCache full:https://registry.npmjs.org/@img%2fsharp-linux-arm64 set size:undefined disposed:false
232 silly fetch manifest @img/sharp-libvips-linux-x64@1.0.4
233 silly packumentCache full:https://registry.npmjs.org/@img%2fsharp-libvips-linux-x64 cache-miss
234 http fetch GET 200 https://registry.npmjs.org/@img%2fsharp-win32-ia32 74ms (cache miss)
235 silly packumentCache full:https://registry.npmjs.org/@img%2fsharp-win32-ia32 set size:undefined disposed:false
236 silly fetch manifest @img/sharp-libvips-darwin-x64@1.0.4
237 silly packumentCache full:https://registry.npmjs.org/@img%2fsharp-libvips-darwin-x64 cache-miss
238 http fetch GET 200 https://registry.npmjs.org/@img%2fsharp-linux-s390x 54ms (cache miss)
239 silly packumentCache full:https://registry.npmjs.org/@img%2fsharp-linux-s390x set size:undefined disposed:false
240 silly fetch manifest @img/sharp-libvips-linux-arm64@1.0.4
241 silly packumentCache full:https://registry.npmjs.org/@img%2fsharp-libvips-linux-arm64 cache-miss
242 http fetch GET 200 https://registry.npmjs.org/@img%2fsharp-darwin-arm64 53ms (cache miss)
243 silly packumentCache full:https://registry.npmjs.org/@img%2fsharp-darwin-arm64 set size:undefined disposed:false
244 silly fetch manifest @img/sharp-libvips-linux-s390x@1.0.4
245 silly packumentCache full:https://registry.npmjs.org/@img%2fsharp-libvips-linux-s390x cache-miss
246 http fetch GET 200 https://registry.npmjs.org/@img%2fsharp-linuxmusl-x64 61ms (cache miss)
247 silly packumentCache full:https://registry.npmjs.org/@img%2fsharp-linuxmusl-x64 set size:undefined disposed:false
248 silly fetch manifest @img/sharp-libvips-darwin-arm64@1.0.4
249 silly packumentCache full:https://registry.npmjs.org/@img%2fsharp-libvips-darwin-arm64 cache-miss
250 http fetch GET 200 https://registry.npmjs.org/@img%2fsharp-linuxmusl-arm64 60ms (cache miss)
251 silly packumentCache full:https://registry.npmjs.org/@img%2fsharp-linuxmusl-arm64 set size:undefined disposed:false
252 silly fetch manifest @img/sharp-libvips-linuxmusl-x64@1.0.4
253 silly packumentCache full:https://registry.npmjs.org/@img%2fsharp-libvips-linuxmusl-x64 cache-miss
254 http fetch GET 200 https://registry.npmjs.org/@img%2fsharp-libvips-linux-arm 60ms (cache miss)
255 silly packumentCache full:https://registry.npmjs.org/@img%2fsharp-libvips-linux-arm set size:undefined disposed:false
256 silly fetch manifest @img/sharp-libvips-linuxmusl-arm64@1.0.4
257 silly packumentCache full:https://registry.npmjs.org/@img%2fsharp-libvips-linuxmusl-arm64 cache-miss
258 http fetch GET 200 https://registry.npmjs.org/@img%2fsharp-libvips-linux-x64 49ms (cache miss)
259 silly packumentCache full:https://registry.npmjs.org/@img%2fsharp-libvips-linux-x64 set size:undefined disposed:false
260 silly fetch manifest client-only@0.0.1
261 silly packumentCache full:https://registry.npmjs.org/client-only cache-miss
262 http fetch GET 200 https://registry.npmjs.org/@img%2fsharp-libvips-linux-s390x 44ms (cache miss)
263 silly packumentCache full:https://registry.npmjs.org/@img%2fsharp-libvips-linux-s390x set size:undefined disposed:false
264 http fetch GET 200 https://registry.npmjs.org/@img%2fsharp-libvips-linux-arm64 47ms (cache miss)
265 silly packumentCache full:https://registry.npmjs.org/@img%2fsharp-libvips-linux-arm64 set size:undefined disposed:false
266 http fetch GET 200 https://registry.npmjs.org/@img%2fsharp-libvips-darwin-x64 64ms (cache miss)
267 silly packumentCache full:https://registry.npmjs.org/@img%2fsharp-libvips-darwin-x64 set size:undefined disposed:false
268 http fetch GET 200 https://registry.npmjs.org/@img%2fsharp-libvips-darwin-arm64 55ms (cache miss)
269 silly packumentCache full:https://registry.npmjs.org/@img%2fsharp-libvips-darwin-arm64 set size:undefined disposed:false
270 http fetch GET 200 https://registry.npmjs.org/client-only 40ms (cache miss)
271 silly packumentCache full:https://registry.npmjs.org/client-only set size:undefined disposed:false
272 http fetch GET 200 https://registry.npmjs.org/@img%2fsharp-libvips-linuxmusl-arm64 52ms (cache miss)
273 silly packumentCache full:https://registry.npmjs.org/@img%2fsharp-libvips-linuxmusl-arm64 set size:undefined disposed:false
274 http fetch GET 200 https://registry.npmjs.org/@img%2fsharp-libvips-linuxmusl-x64 54ms (cache miss)
275 silly packumentCache full:https://registry.npmjs.org/@img%2fsharp-libvips-linuxmusl-x64 set size:undefined disposed:false
276 silly placeDep ROOT tslib@2.8.1 OK for: @swc/helpers@0.5.15 want: ^2.8.0
277 silly placeDep ROOT streamsearch@1.1.0 OK for: busboy@1.6.0 want: ^1.1.0
278 silly placeDep ROOT nanoid@3.3.11 OK for: postcss@8.4.31 want: ^3.3.6
279 silly placeDep ROOT picocolors@1.1.1 OK for: postcss@8.4.31 want: ^1.0.0
280 silly placeDep ROOT source-map-js@1.2.1 OK for: postcss@8.4.31 want: ^1.0.2
281 silly placeDep ROOT scheduler@0.25.0 OK for: react-dom@19.0.0 want: ^0.25.0
282 silly placeDep ROOT @img/sharp-darwin-arm64@0.33.5 OK for: sharp@0.33.5 want: 0.33.5
283 silly placeDep ROOT @img/sharp-darwin-x64@0.33.5 OK for: sharp@0.33.5 want: 0.33.5
284 silly placeDep ROOT @img/sharp-libvips-darwin-arm64@1.0.4 OK for: sharp@0.33.5 want: 1.0.4
285 silly placeDep ROOT @img/sharp-libvips-darwin-x64@1.0.4 OK for: sharp@0.33.5 want: 1.0.4
286 silly placeDep ROOT @img/sharp-libvips-linux-arm@1.0.5 OK for: sharp@0.33.5 want: 1.0.5
287 silly placeDep ROOT @img/sharp-libvips-linux-arm64@1.0.4 OK for: sharp@0.33.5 want: 1.0.4
288 silly placeDep ROOT @img/sharp-libvips-linux-s390x@1.0.4 OK for: sharp@0.33.5 want: 1.0.4
289 silly placeDep ROOT @img/sharp-libvips-linux-x64@1.0.4 OK for: sharp@0.33.5 want: 1.0.4
290 silly placeDep ROOT @img/sharp-libvips-linuxmusl-arm64@1.0.4 OK for: sharp@0.33.5 want: 1.0.4
291 silly placeDep ROOT @img/sharp-libvips-linuxmusl-x64@1.0.4 OK for: sharp@0.33.5 want: 1.0.4
292 silly placeDep ROOT @img/sharp-linux-arm@0.33.5 OK for: sharp@0.33.5 want: 0.33.5
293 silly placeDep ROOT @img/sharp-linux-arm64@0.33.5 OK for: sharp@0.33.5 want: 0.33.5
294 silly placeDep ROOT @img/sharp-linux-s390x@0.33.5 OK for: sharp@0.33.5 want: 0.33.5
295 silly placeDep ROOT @img/sharp-linux-x64@0.33.5 OK for: sharp@0.33.5 want: 0.33.5
296 silly placeDep ROOT @img/sharp-linuxmusl-arm64@0.33.5 OK for: sharp@0.33.5 want: 0.33.5
297 silly placeDep ROOT @img/sharp-linuxmusl-x64@0.33.5 OK for: sharp@0.33.5 want: 0.33.5
298 silly placeDep ROOT @img/sharp-wasm32@0.33.5 OK for: sharp@0.33.5 want: 0.33.5
299 silly placeDep ROOT @img/sharp-win32-ia32@0.33.5 OK for: sharp@0.33.5 want: 0.33.5
300 silly placeDep ROOT @img/sharp-win32-x64@0.33.5 OK for: sharp@0.33.5 want: 0.33.5
301 silly placeDep ROOT color@4.2.3 OK for: sharp@0.33.5 want: ^4.2.3
302 silly placeDep ROOT detect-libc@2.1.2 OK for: sharp@0.33.5 want: ^2.0.3
303 silly placeDep ROOT semver@7.7.4 OK for: sharp@0.33.5 want: ^7.6.3
304 silly fetch manifest @emnapi/runtime@^1.2.0
305 silly packumentCache full:https://registry.npmjs.org/@emnapi%2fruntime cache-miss
306 silly fetch manifest color-string@^1.9.0
307 silly packumentCache full:https://registry.npmjs.org/color-string cache-miss
308 silly fetch manifest color-convert@^2.0.1
309 silly packumentCache full:https://registry.npmjs.org/color-convert cache-miss
310 http fetch GET 200 https://registry.npmjs.org/color-string 120ms (cache miss)
311 silly packumentCache full:https://registry.npmjs.org/color-string set size:undefined disposed:false
312 http fetch GET 200 https://registry.npmjs.org/color-convert 137ms (cache miss)
313 silly packumentCache full:https://registry.npmjs.org/color-convert set size:undefined disposed:false
314 http fetch GET 200 https://registry.npmjs.org/@emnapi%2fruntime 155ms (cache miss)
315 silly packumentCache full:https://registry.npmjs.org/@emnapi%2fruntime set size:undefined disposed:false
316 silly placeDep ROOT @emnapi/runtime@1.9.0 OK for: @img/sharp-wasm32@0.33.5 want: ^1.2.0
317 silly placeDep ROOT color-convert@2.0.1 OK for: color@4.2.3 want: ^2.0.1
318 silly placeDep ROOT color-string@1.9.1 OK for: color@4.2.3 want: ^1.9.0
319 silly fetch manifest color-name@~1.1.4
320 silly packumentCache full:https://registry.npmjs.org/color-name cache-miss
321 silly fetch manifest color-name@^1.0.0
322 silly packumentCache full:https://registry.npmjs.org/color-name cache-miss
323 silly fetch manifest simple-swizzle@^0.2.2
324 silly packumentCache full:https://registry.npmjs.org/simple-swizzle cache-miss
325 http fetch GET 200 https://registry.npmjs.org/color-name 43ms (cache miss)
326 silly packumentCache full:https://registry.npmjs.org/color-name set size:undefined disposed:false
327 http fetch GET 200 https://registry.npmjs.org/simple-swizzle 44ms (cache miss)
328 silly packumentCache full:https://registry.npmjs.org/simple-swizzle set size:undefined disposed:false
329 http fetch GET 200 https://registry.npmjs.org/color-name 47ms (cache miss)
330 silly packumentCache full:https://registry.npmjs.org/color-name set size:undefined disposed:false
331 silly placeDep ROOT color-name@1.1.4 OK for: color-convert@2.0.1 want: ~1.1.4
332 silly placeDep ROOT simple-swizzle@0.2.4 OK for: color-string@1.9.1 want: ^0.2.2
333 silly fetch manifest is-arrayish@^0.3.1
334 silly packumentCache full:https://registry.npmjs.org/is-arrayish cache-miss
335 http fetch GET 200 https://registry.npmjs.org/is-arrayish 48ms (cache miss)
336 silly packumentCache full:https://registry.npmjs.org/is-arrayish set size:undefined disposed:false
337 silly placeDep ROOT is-arrayish@0.3.4 OK for: simple-swizzle@0.2.4 want: ^0.3.1
338 silly placeDep ROOT client-only@0.0.1 OK for: styled-jsx@5.1.6 want: 0.0.1
339 silly reify moves {}
340 silly audit bulk request {
340 silly audit   '@types/node': [ '22.13.10' ],
340 silly audit   '@types/react': [ '19.0.10' ],
340 silly audit   '@types/react-dom': [ '19.0.4' ],
340 silly audit   next: [ '15.2.2' ],
340 silly audit   react: [ '19.0.0' ],
340 silly audit   'react-dom': [ '19.0.0' ],
340 silly audit   typescript: [ '5.8.2' ],
340 silly audit   'undici-types': [ '6.20.0' ],
340 silly audit   csstype: [ '3.2.3' ],
340 silly audit   '@next/env': [ '15.2.2' ],
340 silly audit   '@next/swc-darwin-arm64': [ '15.2.2' ],
340 silly audit   '@next/swc-darwin-x64': [ '15.2.2' ],
340 silly audit   '@next/swc-linux-arm64-gnu': [ '15.2.2' ],
340 silly audit   '@next/swc-linux-arm64-musl': [ '15.2.2' ],
340 silly audit   '@next/swc-linux-x64-gnu': [ '15.2.2' ],
340 silly audit   '@next/swc-linux-x64-musl': [ '15.2.2' ],
340 silly audit   '@next/swc-win32-arm64-msvc': [ '15.2.2' ],
340 silly audit   '@next/swc-win32-x64-msvc': [ '15.2.2' ],
340 silly audit   '@swc/counter': [ '0.1.3' ],
340 silly audit   '@swc/helpers': [ '0.5.15' ],
340 silly audit   busboy: [ '1.6.0' ],
340 silly audit   'caniuse-lite': [ '1.0.30001780' ],
340 silly audit   postcss: [ '8.4.31' ],
340 silly audit   sharp: [ '0.33.5' ],
340 silly audit   'styled-jsx': [ '5.1.6' ],
340 silly audit   tslib: [ '2.8.1' ],
340 silly audit   streamsearch: [ '1.1.0' ],
340 silly audit   nanoid: [ '3.3.11' ],
340 silly audit   picocolors: [ '1.1.1' ],
340 silly audit   'source-map-js': [ '1.2.1' ],
340 silly audit   scheduler: [ '0.25.0' ],
340 silly audit   '@img/sharp-darwin-arm64': [ '0.33.5' ],
340 silly audit   '@img/sharp-darwin-x64': [ '0.33.5' ],
340 silly audit   '@img/sharp-libvips-darwin-arm64': [ '1.0.4' ],
340 silly audit   '@img/sharp-libvips-darwin-x64': [ '1.0.4' ],
340 silly audit   '@img/sharp-libvips-linux-arm': [ '1.0.5' ],
340 silly audit   '@img/sharp-libvips-linux-arm64': [ '1.0.4' ],
340 silly audit   '@img/sharp-libvips-linux-s390x': [ '1.0.4' ],
340 silly audit   '@img/sharp-libvips-linux-x64': [ '1.0.4' ],
340 silly audit   '@img/sharp-libvips-linuxmusl-arm64': [ '1.0.4' ],
340 silly audit   '@img/sharp-libvips-linuxmusl-x64': [ '1.0.4' ],
340 silly audit   '@img/sharp-linux-arm': [ '0.33.5' ],
340 silly audit   '@img/sharp-linux-arm64': [ '0.33.5' ],
340 silly audit   '@img/sharp-linux-s390x': [ '0.33.5' ],
340 silly audit   '@img/sharp-linux-x64': [ '0.33.5' ],
340 silly audit   '@img/sharp-linuxmusl-arm64': [ '0.33.5' ],
340 silly audit   '@img/sharp-linuxmusl-x64': [ '0.33.5' ],
340 silly audit   '@img/sharp-wasm32': [ '0.33.5' ],
340 silly audit   '@img/sharp-win32-ia32': [ '0.33.5' ],
340 silly audit   '@img/sharp-win32-x64': [ '0.33.5' ],
340 silly audit   color: [ '4.2.3' ],
340 silly audit   'detect-libc': [ '2.1.2' ],
340 silly audit   semver: [ '7.7.4' ],
340 silly audit   '@emnapi/runtime': [ '1.9.0' ],
340 silly audit   'color-convert': [ '2.0.1' ],
340 silly audit   'color-string': [ '1.9.1' ],
340 silly audit   'color-name': [ '1.1.4' ],
340 silly audit   'simple-swizzle': [ '0.2.4' ],
340 silly audit   'is-arrayish': [ '0.3.4' ],
340 silly audit   'client-only': [ '0.0.1' ]
340 silly audit }
341 http cache client-only@https://registry.npmjs.org/client-only/-/client-only-0.0.1.tgz 0ms (cache hit)
342 http cache simple-swizzle@https://registry.npmjs.org/simple-swizzle/-/simple-swizzle-0.2.4.tgz 0ms (cache hit)
343 http cache is-arrayish@https://registry.npmjs.org/is-arrayish/-/is-arrayish-0.3.4.tgz 0ms (cache hit)
344 http cache color-name@https://registry.npmjs.org/color-name/-/color-name-1.1.4.tgz 0ms (cache hit)
345 http cache color-string@https://registry.npmjs.org/color-string/-/color-string-1.9.1.tgz 0ms (cache hit)
346 http cache semver@https://registry.npmjs.org/semver/-/semver-7.7.4.tgz 0ms (cache hit)
347 http cache detect-libc@https://registry.npmjs.org/detect-libc/-/detect-libc-2.1.2.tgz 0ms (cache hit)
348 http cache color-convert@https://registry.npmjs.org/color-convert/-/color-convert-2.0.1.tgz 0ms (cache hit)
349 http cache @img/sharp-libvips-darwin-arm64@https://registry.npmjs.org/@img/sharp-libvips-darwin-arm64/-/sharp-libvips-darwin-arm64-1.0.4.tgz 0ms (cache hit)
350 http cache @img/sharp-darwin-arm64@https://registry.npmjs.org/@img/sharp-darwin-arm64/-/sharp-darwin-arm64-0.33.5.tgz 0ms (cache hit)
351 http cache scheduler@https://registry.npmjs.org/scheduler/-/scheduler-0.25.0.tgz 0ms (cache hit)
352 http cache source-map-js@https://registry.npmjs.org/source-map-js/-/source-map-js-1.2.1.tgz 0ms (cache hit)
353 http cache picocolors@https://registry.npmjs.org/picocolors/-/picocolors-1.1.1.tgz 0ms (cache hit)
354 http cache nanoid@https://registry.npmjs.org/nanoid/-/nanoid-3.3.11.tgz 0ms (cache hit)
355 http cache streamsearch@https://registry.npmjs.org/streamsearch/-/streamsearch-1.1.0.tgz 0ms (cache hit)
356 http cache tslib@https://registry.npmjs.org/tslib/-/tslib-2.8.1.tgz 0ms (cache hit)
357 http cache styled-jsx@https://registry.npmjs.org/styled-jsx/-/styled-jsx-5.1.6.tgz 0ms (cache hit)
358 http cache sharp@https://registry.npmjs.org/sharp/-/sharp-0.33.5.tgz 0ms (cache hit)
359 http cache postcss@https://registry.npmjs.org/postcss/-/postcss-8.4.31.tgz 0ms (cache hit)
360 http cache caniuse-lite@https://registry.npmjs.org/caniuse-lite/-/caniuse-lite-1.0.30001780.tgz 0ms (cache hit)
361 http cache busboy@https://registry.npmjs.org/busboy/-/busboy-1.6.0.tgz 0ms (cache hit)
362 http cache @swc/helpers@https://registry.npmjs.org/@swc/helpers/-/helpers-0.5.15.tgz 0ms (cache hit)
363 http cache @swc/counter@https://registry.npmjs.org/@swc/counter/-/counter-0.1.3.tgz 0ms (cache hit)
364 http cache @next/swc-darwin-arm64@https://registry.npmjs.org/@next/swc-darwin-arm64/-/swc-darwin-arm64-15.2.2.tgz 0ms (cache hit)
365 http cache csstype@https://registry.npmjs.org/csstype/-/csstype-3.2.3.tgz 0ms (cache hit)
366 http cache @next/env@https://registry.npmjs.org/@next/env/-/env-15.2.2.tgz 0ms (cache hit)
367 http cache undici-types@https://registry.npmjs.org/undici-types/-/undici-types-6.20.0.tgz 0ms (cache hit)
368 http cache typescript@https://registry.npmjs.org/typescript/-/typescript-5.8.2.tgz 0ms (cache hit)
369 http cache react@https://registry.npmjs.org/react/-/react-19.0.0.tgz 0ms (cache hit)
370 http cache react-dom@https://registry.npmjs.org/react-dom/-/react-dom-19.0.0.tgz 0ms (cache hit)
371 http cache next@https://registry.npmjs.org/next/-/next-15.2.2.tgz 0ms (cache hit)
372 http cache @types/react-dom@https://registry.npmjs.org/@types/react-dom/-/react-dom-19.0.4.tgz 0ms (cache hit)
373 http cache @types/react@https://registry.npmjs.org/@types/react/-/react-19.0.10.tgz 0ms (cache hit)
374 http cache @types/node@https://registry.npmjs.org/@types/node/-/node-22.13.10.tgz 0ms (cache hit)
375 http cache color@https://registry.npmjs.org/color/-/color-4.2.3.tgz 0ms (cache hit)
376 silly tarball no local data for client-only@https://registry.npmjs.org/client-only/-/client-only-0.0.1.tgz. Extracting by manifest.
377 silly tarball no local data for simple-swizzle@https://registry.npmjs.org/simple-swizzle/-/simple-swizzle-0.2.4.tgz. Extracting by manifest.
378 silly tarball no local data for is-arrayish@https://registry.npmjs.org/is-arrayish/-/is-arrayish-0.3.4.tgz. Extracting by manifest.
379 silly tarball no local data for color-name@https://registry.npmjs.org/color-name/-/color-name-1.1.4.tgz. Extracting by manifest.
380 silly tarball no local data for color-string@https://registry.npmjs.org/color-string/-/color-string-1.9.1.tgz. Extracting by manifest.
381 silly tarball no local data for semver@https://registry.npmjs.org/semver/-/semver-7.7.4.tgz. Extracting by manifest.
382 silly tarball no local data for detect-libc@https://registry.npmjs.org/detect-libc/-/detect-libc-2.1.2.tgz. Extracting by manifest.
383 silly tarball no local data for color-convert@https://registry.npmjs.org/color-convert/-/color-convert-2.0.1.tgz. Extracting by manifest.
384 silly tarball no local data for @img/sharp-libvips-darwin-arm64@https://registry.npmjs.org/@img/sharp-libvips-darwin-arm64/-/sharp-libvips-darwin-arm64-1.0.4.tgz. Extracting by manifest.
385 silly tarball no local data for @img/sharp-darwin-arm64@https://registry.npmjs.org/@img/sharp-darwin-arm64/-/sharp-darwin-arm64-0.33.5.tgz. Extracting by manifest.
386 silly tarball no local data for scheduler@https://registry.npmjs.org/scheduler/-/scheduler-0.25.0.tgz. Extracting by manifest.
387 silly tarball no local data for source-map-js@https://registry.npmjs.org/source-map-js/-/source-map-js-1.2.1.tgz. Extracting by manifest.
388 silly tarball no local data for picocolors@https://registry.npmjs.org/picocolors/-/picocolors-1.1.1.tgz. Extracting by manifest.
389 silly tarball no local data for nanoid@https://registry.npmjs.org/nanoid/-/nanoid-3.3.11.tgz. Extracting by manifest.
390 silly tarball no local data for streamsearch@https://registry.npmjs.org/streamsearch/-/streamsearch-1.1.0.tgz. Extracting by manifest.
391 silly tarball no local data for tslib@https://registry.npmjs.org/tslib/-/tslib-2.8.1.tgz. Extracting by manifest.
392 silly tarball no local data for styled-jsx@https://registry.npmjs.org/styled-jsx/-/styled-jsx-5.1.6.tgz. Extracting by manifest.
393 silly tarball no local data for sharp@https://registry.npmjs.org/sharp/-/sharp-0.33.5.tgz. Extracting by manifest.
394 silly tarball no local data for postcss@https://registry.npmjs.org/postcss/-/postcss-8.4.31.tgz. Extracting by manifest.
395 silly tarball no local data for caniuse-lite@https://registry.npmjs.org/caniuse-lite/-/caniuse-lite-1.0.30001780.tgz. Extracting by manifest.
396 silly tarball no local data for busboy@https://registry.npmjs.org/busboy/-/busboy-1.6.0.tgz. Extracting by manifest.
397 silly tarball no local data for @swc/helpers@https://registry.npmjs.org/@swc/helpers/-/helpers-0.5.15.tgz. Extracting by manifest.
398 silly tarball no local data for @swc/counter@https://registry.npmjs.org/@swc/counter/-/counter-0.1.3.tgz. Extracting by manifest.
399 silly tarball no local data for @next/swc-darwin-arm64@https://registry.npmjs.org/@next/swc-darwin-arm64/-/swc-darwin-arm64-15.2.2.tgz. Extracting by manifest.
400 silly tarball no local data for csstype@https://registry.npmjs.org/csstype/-/csstype-3.2.3.tgz. Extracting by manifest.
401 silly tarball no local data for @next/env@https://registry.npmjs.org/@next/env/-/env-15.2.2.tgz. Extracting by manifest.
402 silly tarball no local data for undici-types@https://registry.npmjs.org/undici-types/-/undici-types-6.20.0.tgz. Extracting by manifest.
403 silly tarball no local data for typescript@https://registry.npmjs.org/typescript/-/typescript-5.8.2.tgz. Extracting by manifest.
404 silly tarball no local data for react@https://registry.npmjs.org/react/-/react-19.0.0.tgz. Extracting by manifest.
405 silly tarball no local data for react-dom@https://registry.npmjs.org/react-dom/-/react-dom-19.0.0.tgz. Extracting by manifest.
406 silly tarball no local data for next@https://registry.npmjs.org/next/-/next-15.2.2.tgz. Extracting by manifest.
407 silly tarball no local data for @types/react-dom@https://registry.npmjs.org/@types/react-dom/-/react-dom-19.0.4.tgz. Extracting by manifest.
408 silly tarball no local data for @types/react@https://registry.npmjs.org/@types/react/-/react-19.0.10.tgz. Extracting by manifest.
409 silly tarball no local data for @types/node@https://registry.npmjs.org/@types/node/-/node-22.13.10.tgz. Extracting by manifest.
410 silly tarball no local data for color@https://registry.npmjs.org/color/-/color-4.2.3.tgz. Extracting by manifest.
411 http fetch GET 200 https://registry.npmjs.org/simple-swizzle/-/simple-swizzle-0.2.4.tgz 63ms (cache miss)
412 http fetch GET 200 https://registry.npmjs.org/is-arrayish/-/is-arrayish-0.3.4.tgz 63ms (cache miss)
413 http fetch GET 200 https://registry.npmjs.org/client-only/-/client-only-0.0.1.tgz 64ms (cache miss)
414 http fetch GET 200 https://registry.npmjs.org/color-string/-/color-string-1.9.1.tgz 63ms (cache miss)
415 http fetch GET 200 https://registry.npmjs.org/color-name/-/color-name-1.1.4.tgz 63ms (cache miss)
416 http fetch GET 200 https://registry.npmjs.org/semver/-/semver-7.7.4.tgz 71ms (cache miss)
417 http fetch GET 200 https://registry.npmjs.org/streamsearch/-/streamsearch-1.1.0.tgz 74ms (cache miss)
418 http fetch GET 200 https://registry.npmjs.org/tslib/-/tslib-2.8.1.tgz 106ms (cache miss)
419 http fetch GET 200 https://registry.npmjs.org/color-convert/-/color-convert-2.0.1.tgz 107ms (cache miss)
420 http fetch GET 200 https://registry.npmjs.org/detect-libc/-/detect-libc-2.1.2.tgz 115ms (cache miss)
421 http fetch GET 200 https://registry.npmjs.org/postcss/-/postcss-8.4.31.tgz 115ms (cache miss)
422 http fetch GET 200 https://registry.npmjs.org/styled-jsx/-/styled-jsx-5.1.6.tgz 125ms (cache miss)
423 http fetch GET 200 https://registry.npmjs.org/busboy/-/busboy-1.6.0.tgz 130ms (cache miss)
424 http fetch GET 200 https://registry.npmjs.org/source-map-js/-/source-map-js-1.2.1.tgz 134ms (cache miss)
425 http fetch GET 200 https://registry.npmjs.org/nanoid/-/nanoid-3.3.11.tgz 135ms (cache miss)
426 http fetch GET 200 https://registry.npmjs.org/sharp/-/sharp-0.33.5.tgz 148ms (cache miss)
427 http fetch GET 200 https://registry.npmjs.org/scheduler/-/scheduler-0.25.0.tgz 152ms (cache miss)
428 http fetch GET 200 https://registry.npmjs.org/@swc/counter/-/counter-0.1.3.tgz 152ms (cache miss)
429 http fetch GET 200 https://registry.npmjs.org/picocolors/-/picocolors-1.1.1.tgz 155ms (cache miss)
430 http fetch POST 200 https://registry.npmjs.org/-/npm/v1/security/advisories/bulk 185ms
431 silly audit report {
431 silly audit report   next: [
431 silly audit report     {
431 silly audit report       id: 1111371,
431 silly audit report       url: 'https://github.com/advisories/GHSA-9qr9-h5gf-34mp',
431 silly audit report       title: 'Next.js is vulnerable to RCE in React flight protocol',
431 silly audit report       severity: 'critical',
431 silly audit report       vulnerable_versions: '>=15.2.0-canary.0 <15.2.6',
431 silly audit report       cwe: [Array],
431 silly audit report       cvss: [Object]
431 silly audit report     },
431 silly audit report     {
431 silly audit report       id: 1111379,
431 silly audit report       url: 'https://github.com/advisories/GHSA-w37m-7fhw-fmv9',
431 silly audit report       title: 'Next Server Actions Source Code Exposure ',
431 silly audit report       severity: 'moderate',
431 silly audit report       vulnerable_versions: '>=15.2.0-canary.0 <15.2.7',
431 silly audit report       cwe: [Array],
431 silly audit report       cvss: [Object]
431 silly audit report     },
431 silly audit report     {
431 silly audit report       id: 1111388,
431 silly audit report       url: 'https://github.com/advisories/GHSA-mwv6-3258-q52c',
431 silly audit report       title: 'Next Vulnerable to Denial of Service with Server Components',
431 silly audit report       severity: 'high',
431 silly audit report       vulnerable_versions: '>=15.2.0-canary.0 <15.2.7',
431 silly audit report       cwe: [Array],
431 silly audit report       cvss: [Object]
431 silly audit report     },
431 silly audit report     {
431 silly audit report       id: 1107228,
431 silly audit report       url: 'https://github.com/advisories/GHSA-g5qg-72qw-gw5v',
431 silly audit report       title: 'Next.js Affected by Cache Key Confusion for Image Optimization API Routes',
431 silly audit report       severity: 'moderate',
431 silly audit report       vulnerable_versions: '>=15.0.0 <=15.4.4',
431 silly audit report       cwe: [Array],
431 silly audit report       cvss: [Object]
431 silly audit report     },
431 silly audit report     {
431 silly audit report       id: 1107514,
431 silly audit report       url: 'https://github.com/advisories/GHSA-xv57-4mr9-wg8v',
431 silly audit report       title: 'Next.js Content Injection Vulnerability for Image Optimization',
431 silly audit report       severity: 'moderate',
431 silly audit report       vulnerable_versions: '>=15.0.0 <=15.4.4',
431 silly audit report       cwe: [Array],
431 silly audit report       cvss: [Object]
431 silly audit report     },
431 silly audit report     {
431 silly audit report       id: 1107515,
431 silly audit report       url: 'https://github.com/advisories/GHSA-4342-x723-ch2f',
431 silly audit report       title: 'Next.js Improper Middleware Redirect Handling Leads to SSRF',
431 silly audit report       severity: 'moderate',
431 silly audit report       vulnerable_versions: '>=15.0.0-canary.0 <15.4.7',
431 silly audit report       cwe: [Array],
431 silly audit report       cvss: [Object]
431 silly audit report     },
431 silly audit report     {
431 silly audit report       id: 1112593,
431 silly audit report       url: 'https://github.com/advisories/GHSA-9g9p-9gw9-jx7f',
431 silly audit report       title: 'Next.js self-hosted applications vulnerable to DoS via Image Optimizer remotePatterns configuration',
431 silly audit report       severity: 'moderate',
431 silly audit report       vulnerable_versions: '>=10.0.0 <15.5.10',
431 silly audit report       cwe: [Array],
431 silly audit report       cvss: [Object]
431 silly audit report     },
431 silly audit report     {
431 silly audit report       id: 1112651,
431 silly audit report       url: 'https://github.com/advisories/GHSA-h25m-26qc-wcjf',
431 silly audit report       title: 'Next.js HTTP request deserialization can lead to DoS when using insecure React Server Components',
431 silly audit report       severity: 'high',
431 silly audit report       vulnerable_versions: '>=15.2.0-canary.0 <15.2.9',
431 silly audit report       cwe: [Array],
431 silly audit report       cvss: [Object]
431 silly audit report     },
431 silly audit report     {
431 silly audit report       id: 1113688,
431 silly audit report       url: 'https://github.com/advisories/GHSA-f82v-jwr5-mffw',
431 silly audit report       title: 'Authorization Bypass in Next.js Middleware',
431 silly audit report       severity: 'critical',
431 silly audit report       vulnerable_versions: '>=15.0.0 <15.2.3',
431 silly audit report       cwe: [Array],
431 silly audit report       cvss: [Object]
431 silly audit report     },
431 silly audit report     {
431 silly audit report       id: 1114751,
431 silly audit report       url: 'https://github.com/advisories/GHSA-ggv3-7p47-pfv8',
431 silly audit report       title: 'Next.js: HTTP request smuggling in rewrites',
431 silly audit report       severity: 'moderate',
431 silly audit report       vulnerable_versions: '>=9.5.0 <15.5.13',
431 silly audit report       cwe: [Array],
431 silly audit report       cvss: [Object]
431 silly audit report     },
431 silly audit report     {
431 silly audit report       id: 1114753,
431 silly audit report       url: 'https://github.com/advisories/GHSA-3x4c-7xq6-9pq8',
431 silly audit report       title: 'Next.js: Unbounded next/image disk cache growth can exhaust storage',
431 silly audit report       severity: 'moderate',
431 silly audit report       vulnerable_versions: '>=10.0.0 <16.1.7',
431 silly audit report       cwe: [Array],
431 silly audit report       cvss: [Object]
431 silly audit report     }
431 silly audit report   ]
431 silly audit report }
432 silly packumentCache corgi:https://registry.npmjs.org/next cache-miss
433 http fetch GET 200 https://registry.npmjs.org/undici-types/-/undici-types-6.20.0.tgz 180ms (cache miss)
434 http fetch GET 200 https://registry.npmjs.org/csstype/-/csstype-3.2.3.tgz 194ms (cache miss)
435 http fetch GET 200 https://registry.npmjs.org/react/-/react-19.0.0.tgz 201ms (cache miss)
436 http fetch GET 200 https://registry.npmjs.org/@swc/helpers/-/helpers-0.5.15.tgz 242ms (cache miss)
437 http fetch GET 200 https://registry.npmjs.org/@types/react-dom/-/react-dom-19.0.4.tgz 334ms (cache miss)
438 http fetch GET 200 https://registry.npmjs.org/color/-/color-4.2.3.tgz 335ms (cache miss)
439 http fetch GET 200 https://registry.npmjs.org/@next/env/-/env-15.2.2.tgz 338ms (cache miss)
440 http fetch GET 200 https://registry.npmjs.org/@img/sharp-darwin-arm64/-/sharp-darwin-arm64-0.33.5.tgz 389ms (cache miss)
441 http fetch GET 200 https://registry.npmjs.org/caniuse-lite/-/caniuse-lite-1.0.30001780.tgz 558ms (cache miss)
442 http fetch GET 200 https://registry.npmjs.org/@types/react/-/react-19.0.10.tgz 725ms (cache miss)
443 http fetch GET 200 https://registry.npmjs.org/@types/node/-/node-22.13.10.tgz 1129ms (cache miss)
444 http fetch GET 200 https://registry.npmjs.org/react-dom/-/react-dom-19.0.0.tgz 1391ms (cache miss)
445 http fetch GET 200 https://registry.npmjs.org/next 1393ms (cache miss)
446 silly packumentCache corgi:https://registry.npmjs.org/next set size:undefined disposed:false
447 http fetch GET 200 https://registry.npmjs.org/typescript/-/typescript-5.8.2.tgz 2812ms (cache miss)
448 http fetch GET 200 https://registry.npmjs.org/@img/sharp-libvips-darwin-arm64/-/sharp-libvips-darwin-arm64-1.0.4.tgz 4663ms (cache miss)
449 http fetch GET 200 https://registry.npmjs.org/next/-/next-15.2.2.tgz 10303ms (cache miss)
450 warn deprecated next@15.2.2: This version has a security vulnerability. Please upgrade to a patched version. See https://nextjs.org/blog/CVE-2025-66478 for more details.
451 http fetch GET 200 https://registry.npmjs.org/@next/swc-darwin-arm64/-/swc-darwin-arm64-15.2.2.tgz 11640ms (cache miss)
452 info run sharp@0.33.5 install node_modules/sharp node install/check
453 info run sharp@0.33.5 install { code: 0, signal: null }
454 silly ADD node_modules/client-only
455 silly ADD node_modules/is-arrayish
456 silly ADD node_modules/simple-swizzle
457 silly ADD node_modules/color-name
458 silly ADD node_modules/color-string
459 silly ADD node_modules/color-convert
460 silly ADD node_modules/semver
461 silly ADD node_modules/detect-libc
462 silly ADD node_modules/color
463 silly ADD node_modules/@img/sharp-libvips-darwin-arm64
464 silly ADD node_modules/@img/sharp-darwin-arm64
465 silly ADD node_modules/scheduler
466 silly ADD node_modules/source-map-js
467 silly ADD node_modules/picocolors
468 silly ADD node_modules/nanoid
469 silly ADD node_modules/streamsearch
470 silly ADD node_modules/tslib
471 silly ADD node_modules/styled-jsx
472 silly ADD node_modules/sharp
473 silly ADD node_modules/postcss
474 silly ADD node_modules/caniuse-lite
475 silly ADD node_modules/busboy
476 silly ADD node_modules/@swc/helpers
477 silly ADD node_modules/@swc/counter
478 silly ADD node_modules/@next/swc-darwin-arm64
479 silly ADD node_modules/@next/env
480 silly ADD node_modules/csstype
481 silly ADD node_modules/undici-types
482 silly ADD node_modules/typescript
483 silly ADD node_modules/react-dom
484 silly ADD node_modules/react
485 silly ADD node_modules/next
486 silly ADD node_modules/@types/react-dom
487 silly ADD node_modules/@types/react
488 silly ADD node_modules/@types/node
489 verbose cwd /Users/capp/Documents/uk-property-refurb-estimator
490 verbose os Darwin 25.4.0
491 verbose node v25.6.1
492 verbose npm  v11.9.0
493 notice
493 notice New minor version of npm available! 11.9.0 -> 11.11.1
493 notice Changelog: https://github.com/npm/cli/releases/tag/v11.11.1
493 notice To update run: npm install -g npm@11.11.1
493 notice  { force: true, Symbol(proc-log.meta): true }
494 verbose exit 0
495 info ok
