0 verbose cli /opt/homebrew/Cellar/node/25.6.1/bin/node /opt/homebrew/bin/npm
1 info using npm@11.9.0
2 info using node@v25.6.1
3 silly config load:file:/opt/homebrew/lib/node_modules/npm/npmrc
4 silly config load:file:/Users/capp/Documents/uk-property-refurb-estimator/.npmrc
5 silly config load:file:/Users/capp/.npmrc
6 silly config load:file:/opt/homebrew/etc/npmrc
7 verbose title npm install
8 verbose argv "install" "--cache" ".npm-cache"
9 verbose logfile logs-max:10 dir:/Users/capp/Documents/uk-property-refurb-estimator/.npm-cache/_logs/2026-03-18T19_10_47_463Z-
10 verbose logfile /Users/capp/Documents/uk-property-refurb-estimator/.npm-cache/_logs/2026-03-18T19_10_47_463Z-debug-0.log
11 silly logfile done cleaning log files
12 silly packumentCache heap:2348810240 maxSize:587202560 maxEntrySize:293601280
13 verbose shrinkwrap failed to load node_modules/.package-lock.json out of date, updated: node_modules
14 silly idealTree buildDeps
15 silly fetch manifest next@16.2.0
16 silly packumentCache full:https://registry.npmjs.org/next cache-miss
17 http cache https://registry.npmjs.org/next 45ms (cache hit)
18 silly packumentCache full:https://registry.npmjs.org/next set size:29678588 disposed:false
19 silly fetch manifest @opentelemetry/api@^1.1.0
20 silly packumentCache full:https://registry.npmjs.org/@opentelemetry%2fapi cache-miss
21 http cache https://registry.npmjs.org/@opentelemetry%2fapi 7ms (cache hit)
22 silly packumentCache full:https://registry.npmjs.org/@opentelemetry%2fapi set size:455678 disposed:false
23 silly fetch manifest @playwright/test@^1.51.1
24 silly packumentCache full:https://registry.npmjs.org/@playwright%2ftest cache-miss
25 http cache https://registry.npmjs.org/@playwright%2ftest 10ms (cache hit)
26 silly packumentCache full:https://registry.npmjs.org/@playwright%2ftest set size:8855932 disposed:false
27 silly fetch manifest babel-plugin-react-compiler@*
28 silly packumentCache full:https://registry.npmjs.org/babel-plugin-react-compiler cache-miss
29 http cache https://registry.npmjs.org/babel-plugin-react-compiler 4ms (cache hit)
30 silly packumentCache full:https://registry.npmjs.org/babel-plugin-react-compiler set size:1284056 disposed:false
31 silly fetch manifest react@19.2.4
32 silly packumentCache full:https://registry.npmjs.org/react cache-miss
33 http cache https://registry.npmjs.org/react 9ms (cache hit)
34 silly packumentCache full:https://registry.npmjs.org/react set size:6551456 disposed:false
35 silly fetch manifest react-dom@19.2.4
36 silly packumentCache full:https://registry.npmjs.org/react-dom cache-miss
37 http cache https://registry.npmjs.org/react-dom 13ms (cache hit)
38 silly packumentCache full:https://registry.npmjs.org/react-dom set size:8698753 disposed:false
39 silly fetch manifest sass@^1.3.0
40 silly packumentCache full:https://registry.npmjs.org/sass cache-miss
41 http cache https://registry.npmjs.org/sass 2ms (cache hit)
42 silly packumentCache full:https://registry.npmjs.org/sass set size:724154 disposed:false
43 silly fetch manifest @types/node@25.5.0
44 silly packumentCache full:https://registry.npmjs.org/@types%2fnode cache-miss
45 http cache https://registry.npmjs.org/@types%2fnode 13ms (cache hit)
46 silly packumentCache full:https://registry.npmjs.org/@types%2fnode set size:10939971 disposed:false
47 silly fetch manifest @types/react@19.2.14
48 silly packumentCache full:https://registry.npmjs.org/@types%2freact cache-miss
49 http cache https://registry.npmjs.org/@types%2freact 8ms (cache hit)
50 silly packumentCache full:https://registry.npmjs.org/@types%2freact set size:2588986 disposed:false
51 silly fetch manifest @types/react-dom@19.2.3
52 silly packumentCache full:https://registry.npmjs.org/@types%2freact-dom cache-miss
53 http cache https://registry.npmjs.org/@types%2freact-dom 3ms (cache hit)
54 silly packumentCache full:https://registry.npmjs.org/@types%2freact-dom set size:429026 disposed:false
55 silly fetch manifest typescript@5.9.3
56 silly packumentCache full:https://registry.npmjs.org/typescript cache-miss
57 http cache https://registry.npmjs.org/typescript 17ms (cache hit)
58 silly packumentCache full:https://registry.npmjs.org/typescript set size:15369697 disposed:false
59 silly placeDep ROOT @types/node@25.5.0 REPLACE for: uk-property-refurb-estimator@0.1.0 want: 25.5.0
60 silly placeDep ROOT @types/react@19.2.14 REPLACE for: uk-property-refurb-estimator@0.1.0 want: 19.2.14
61 silly placeDep ROOT @types/react-dom@19.2.3 REPLACE for: uk-property-refurb-estimator@0.1.0 want: 19.2.3
62 silly placeDep ROOT next@16.2.0 REPLACE for: uk-property-refurb-estimator@0.1.0 want: 16.2.0
63 silly placeDep ROOT react@19.2.4 REPLACE for: uk-property-refurb-estimator@0.1.0 want: 19.2.4
64 silly placeDep ROOT react-dom@19.2.4 REPLACE for: uk-property-refurb-estimator@0.1.0 want: 19.2.4
65 silly placeDep ROOT typescript@5.9.3 REPLACE for: uk-property-refurb-estimator@0.1.0 want: 5.9.3
66 silly fetch manifest undici-types@~7.18.0
67 silly packumentCache full:https://registry.npmjs.org/undici-types cache-miss
68 silly fetch manifest @next/env@16.2.0
69 silly packumentCache full:https://registry.npmjs.org/@next%2fenv cache-miss
70 silly fetch manifest baseline-browser-mapping@^2.9.19
71 silly packumentCache full:https://registry.npmjs.org/baseline-browser-mapping cache-miss
72 silly fetch manifest sharp@^0.34.5
73 silly packumentCache full:https://registry.npmjs.org/sharp cache-miss
74 silly fetch manifest @next/swc-darwin-arm64@16.2.0
75 silly packumentCache full:https://registry.npmjs.org/@next%2fswc-darwin-arm64 cache-miss
76 silly fetch manifest @next/swc-darwin-x64@16.2.0
77 silly packumentCache full:https://registry.npmjs.org/@next%2fswc-darwin-x64 cache-miss
78 silly fetch manifest @next/swc-linux-arm64-gnu@16.2.0
79 silly packumentCache full:https://registry.npmjs.org/@next%2fswc-linux-arm64-gnu cache-miss
80 http cache https://registry.npmjs.org/@next%2fenv 40ms (cache hit)
81 silly packumentCache full:https://registry.npmjs.org/@next%2fenv set size:7059559 disposed:false
82 silly fetch manifest @next/swc-linux-arm64-musl@16.2.0
83 silly packumentCache full:https://registry.npmjs.org/@next%2fswc-linux-arm64-musl cache-miss
84 http cache https://registry.npmjs.org/@next%2fswc-darwin-x64 67ms (cache hit)
85 silly packumentCache full:https://registry.npmjs.org/@next%2fswc-darwin-x64 set size:5041501 disposed:false
86 silly fetch manifest @next/swc-linux-x64-gnu@16.2.0
87 silly packumentCache full:https://registry.npmjs.org/@next%2fswc-linux-x64-gnu cache-miss
88 http cache https://registry.npmjs.org/@next%2fswc-linux-arm64-gnu 91ms (cache hit)
89 silly packumentCache full:https://registry.npmjs.org/@next%2fswc-linux-arm64-gnu set size:4946403 disposed:false
90 silly fetch manifest @next/swc-linux-x64-musl@16.2.0
91 silly packumentCache full:https://registry.npmjs.org/@next%2fswc-linux-x64-musl cache-miss
92 http cache https://registry.npmjs.org/@next%2fswc-darwin-arm64 108ms (cache hit)
93 silly packumentCache full:https://registry.npmjs.org/@next%2fswc-darwin-arm64 set size:5096805 disposed:false
94 silly fetch manifest @next/swc-win32-arm64-msvc@16.2.0
95 silly packumentCache full:https://registry.npmjs.org/@next%2fswc-win32-arm64-msvc cache-miss
96 http cache https://registry.npmjs.org/sharp 122ms (cache hit)
97 silly packumentCache full:https://registry.npmjs.org/sharp set size:1034463 disposed:false
98 silly fetch manifest @next/swc-win32-x64-msvc@16.2.0
99 silly packumentCache full:https://registry.npmjs.org/@next%2fswc-win32-x64-msvc cache-miss
100 http cache https://registry.npmjs.org/undici-types 129ms (cache hit)
101 silly packumentCache full:https://registry.npmjs.org/undici-types set size:188003 disposed:false
102 silly fetch manifest scheduler@^0.27.0
103 silly packumentCache full:https://registry.npmjs.org/scheduler cache-miss
104 http cache https://registry.npmjs.org/@next%2fswc-linux-arm64-musl 79ms (cache hit)
105 silly packumentCache full:https://registry.npmjs.org/@next%2fswc-linux-arm64-musl set size:4963644 disposed:false
106 http cache https://registry.npmjs.org/@next%2fswc-linux-x64-gnu 75ms (cache hit)
107 silly packumentCache full:https://registry.npmjs.org/@next%2fswc-linux-x64-gnu set size:5143911 disposed:false
108 http cache https://registry.npmjs.org/@next%2fswc-win32-arm64-msvc 62ms (cache hit)
109 silly packumentCache full:https://registry.npmjs.org/@next%2fswc-win32-arm64-msvc set size:4929038 disposed:false
110 http cache https://registry.npmjs.org/@next%2fswc-linux-x64-musl 100ms (cache hit)
111 silly packumentCache full:https://registry.npmjs.org/@next%2fswc-linux-x64-musl set size:4900195 disposed:false
112 http cache https://registry.npmjs.org/scheduler 98ms (cache hit)
113 silly packumentCache full:https://registry.npmjs.org/scheduler set size:5436697 disposed:false
114 http cache https://registry.npmjs.org/@next%2fswc-win32-x64-msvc 122ms (cache hit)
115 silly packumentCache full:https://registry.npmjs.org/@next%2fswc-win32-x64-msvc set size:5116716 disposed:false
116 http fetch GET 200 https://registry.npmjs.org/baseline-browser-mapping 398ms (cache miss)
117 silly packumentCache full:https://registry.npmjs.org/baseline-browser-mapping set size:undefined disposed:false
118 silly placeDep ROOT undici-types@7.18.2 OK for: @types/node@25.5.0 want: ~7.18.0
119 silly placeDep ROOT @next/env@16.2.0 OK for: next@16.2.0 want: 16.2.0
120 silly placeDep ROOT @next/swc-darwin-arm64@16.2.0 OK for: next@16.2.0 want: 16.2.0
121 silly placeDep ROOT @next/swc-darwin-x64@16.2.0 OK for: next@16.2.0 want: 16.2.0
122 silly placeDep ROOT @next/swc-linux-arm64-gnu@16.2.0 OK for: next@16.2.0 want: 16.2.0
123 silly placeDep ROOT @next/swc-linux-arm64-musl@16.2.0 OK for: next@16.2.0 want: 16.2.0
124 silly placeDep ROOT @next/swc-linux-x64-gnu@16.2.0 OK for: next@16.2.0 want: 16.2.0
125 silly placeDep ROOT @next/swc-linux-x64-musl@16.2.0 OK for: next@16.2.0 want: 16.2.0
126 silly placeDep ROOT @next/swc-win32-arm64-msvc@16.2.0 OK for: next@16.2.0 want: 16.2.0
127 silly placeDep ROOT @next/swc-win32-x64-msvc@16.2.0 OK for: next@16.2.0 want: 16.2.0
128 silly placeDep ROOT baseline-browser-mapping@2.10.8 OK for: next@16.2.0 want: ^2.9.19
129 silly placeDep ROOT sharp@0.34.5 OK for: next@16.2.0 want: ^0.34.5
130 silly fetch manifest semver@^7.7.3
131 silly packumentCache full:https://registry.npmjs.org/semver cache-miss
132 silly fetch manifest @img/colour@^1.0.0
133 silly packumentCache full:https://registry.npmjs.org/@img%2fcolour cache-miss
134 silly fetch manifest detect-libc@^2.1.2
135 silly packumentCache full:https://registry.npmjs.org/detect-libc cache-miss
136 silly fetch manifest @img/sharp-wasm32@0.34.5
137 silly packumentCache full:https://registry.npmjs.org/@img%2fsharp-wasm32 cache-miss
138 silly fetch manifest @img/sharp-linux-arm@0.34.5
139 silly packumentCache full:https://registry.npmjs.org/@img%2fsharp-linux-arm cache-miss
140 silly fetch manifest @img/sharp-linux-x64@0.34.5
141 silly packumentCache full:https://registry.npmjs.org/@img%2fsharp-linux-x64 cache-miss
142 silly fetch manifest @img/sharp-win32-x64@0.34.5
143 silly packumentCache full:https://registry.npmjs.org/@img%2fsharp-win32-x64 cache-miss
144 http cache https://registry.npmjs.org/detect-libc 5ms (cache hit)
145 silly packumentCache full:https://registry.npmjs.org/detect-libc set size:47861 disposed:false
146 silly fetch manifest @img/sharp-darwin-x64@0.34.5
147 silly packumentCache full:https://registry.npmjs.org/@img%2fsharp-darwin-x64 cache-miss
148 http cache https://registry.npmjs.org/semver 7ms (cache hit)
149 silly packumentCache full:https://registry.npmjs.org/semver set size:229678 disposed:false
150 silly fetch manifest @img/sharp-win32-ia32@0.34.5
151 silly packumentCache full:https://registry.npmjs.org/@img%2fsharp-win32-ia32 cache-miss
152 http cache https://registry.npmjs.org/@img%2fsharp-linux-arm 8ms (cache hit)
153 silly packumentCache full:https://registry.npmjs.org/@img%2fsharp-linux-arm set size:66643 disposed:false
154 silly fetch manifest @img/sharp-linux-arm64@0.34.5
155 silly packumentCache full:https://registry.npmjs.org/@img%2fsharp-linux-arm64 cache-miss
156 http cache https://registry.npmjs.org/@img%2fsharp-linux-x64 8ms (cache hit)
157 silly packumentCache full:https://registry.npmjs.org/@img%2fsharp-linux-x64 set size:66311 disposed:false
158 silly fetch manifest @img/sharp-linux-ppc64@0.34.5
159 silly packumentCache full:https://registry.npmjs.org/@img%2fsharp-linux-ppc64 cache-miss
160 http cache https://registry.npmjs.org/@img%2fsharp-win32-x64 9ms (cache hit)
161 silly packumentCache full:https://registry.npmjs.org/@img%2fsharp-win32-x64 set size:64388 disposed:false
162 silly fetch manifest @img/sharp-linux-s390x@0.34.5
163 silly packumentCache full:https://registry.npmjs.org/@img%2fsharp-linux-s390x cache-miss
164 http cache https://registry.npmjs.org/@img%2fsharp-wasm32 10ms (cache hit)
165 silly packumentCache full:https://registry.npmjs.org/@img%2fsharp-wasm32 set size:61337 disposed:false
166 silly fetch manifest @img/sharp-win32-arm64@0.34.5
167 silly packumentCache full:https://registry.npmjs.org/@img%2fsharp-win32-arm64 cache-miss
168 http cache https://registry.npmjs.org/@img%2fsharp-linux-s390x 5ms (cache hit)
169 silly packumentCache full:https://registry.npmjs.org/@img%2fsharp-linux-s390x set size:65172 disposed:false
170 silly fetch manifest @img/sharp-darwin-arm64@0.34.5
171 silly packumentCache full:https://registry.npmjs.org/@img%2fsharp-darwin-arm64 cache-miss
172 http cache https://registry.npmjs.org/@img%2fsharp-darwin-x64 10ms (cache hit)
173 silly packumentCache full:https://registry.npmjs.org/@img%2fsharp-darwin-x64 set size:65222 disposed:false
174 silly fetch manifest @img/sharp-linux-riscv64@0.34.5
175 silly packumentCache full:https://registry.npmjs.org/@img%2fsharp-linux-riscv64 cache-miss
176 http cache https://registry.npmjs.org/@img%2fsharp-win32-ia32 9ms (cache hit)
177 silly packumentCache full:https://registry.npmjs.org/@img%2fsharp-win32-ia32 set size:65002 disposed:false
178 silly fetch manifest @img/sharp-linuxmusl-x64@0.34.5
179 silly packumentCache full:https://registry.npmjs.org/@img%2fsharp-linuxmusl-x64 cache-miss
180 http cache https://registry.npmjs.org/@img%2fsharp-linux-arm64 9ms (cache hit)
181 silly packumentCache full:https://registry.npmjs.org/@img%2fsharp-linux-arm64 set size:67207 disposed:false
182 silly fetch manifest @img/sharp-linuxmusl-arm64@0.34.5
183 silly packumentCache full:https://registry.npmjs.org/@img%2fsharp-linuxmusl-arm64 cache-miss
184 http cache https://registry.npmjs.org/@img%2fsharp-darwin-arm64 4ms (cache hit)
185 silly packumentCache full:https://registry.npmjs.org/@img%2fsharp-darwin-arm64 set size:66119 disposed:false
186 silly fetch manifest @img/sharp-libvips-linux-arm@1.2.4
187 silly packumentCache full:https://registry.npmjs.org/@img%2fsharp-libvips-linux-arm cache-miss
188 http cache https://registry.npmjs.org/@img%2fsharp-linuxmusl-arm64 4ms (cache hit)
189 silly packumentCache full:https://registry.npmjs.org/@img%2fsharp-linuxmusl-arm64 set size:68298 disposed:false
190 silly fetch manifest @img/sharp-libvips-linux-x64@1.2.4
191 silly packumentCache full:https://registry.npmjs.org/@img%2fsharp-libvips-linux-x64 cache-miss
192 http cache https://registry.npmjs.org/@img%2fsharp-linuxmusl-x64 4ms (cache hit)
193 silly packumentCache full:https://registry.npmjs.org/@img%2fsharp-linuxmusl-x64 set size:67400 disposed:false
194 silly fetch manifest @img/sharp-libvips-darwin-x64@1.2.4
195 silly packumentCache full:https://registry.npmjs.org/@img%2fsharp-libvips-darwin-x64 cache-miss
196 http cache https://registry.npmjs.org/@img%2fsharp-libvips-darwin-x64 1ms (cache hit)
197 silly packumentCache full:https://registry.npmjs.org/@img%2fsharp-libvips-darwin-x64 set size:51923 disposed:false
198 silly fetch manifest @img/sharp-libvips-linux-arm64@1.2.4
199 silly packumentCache full:https://registry.npmjs.org/@img%2fsharp-libvips-linux-arm64 cache-miss
200 http cache https://registry.npmjs.org/@img%2fsharp-libvips-linux-x64 3ms (cache hit)
201 silly packumentCache full:https://registry.npmjs.org/@img%2fsharp-libvips-linux-x64 set size:56678 disposed:false
202 silly fetch manifest @img/sharp-libvips-linux-ppc64@1.2.4
203 silly packumentCache full:https://registry.npmjs.org/@img%2fsharp-libvips-linux-ppc64 cache-miss
204 http cache https://registry.npmjs.org/@img%2fsharp-libvips-linux-arm 4ms (cache hit)
205 silly packumentCache full:https://registry.npmjs.org/@img%2fsharp-libvips-linux-arm set size:58624 disposed:false
206 silly fetch manifest @img/sharp-libvips-linux-s390x@1.2.4
207 silly packumentCache full:https://registry.npmjs.org/@img%2fsharp-libvips-linux-s390x cache-miss
208 http cache https://registry.npmjs.org/@img%2fsharp-libvips-linux-s390x 3ms (cache hit)
209 silly packumentCache full:https://registry.npmjs.org/@img%2fsharp-libvips-linux-s390x set size:51696 disposed:false
210 silly fetch manifest @img/sharp-libvips-darwin-arm64@1.2.4
211 silly packumentCache full:https://registry.npmjs.org/@img%2fsharp-libvips-darwin-arm64 cache-miss
212 http cache https://registry.npmjs.org/@img%2fsharp-libvips-linux-arm64 5ms (cache hit)
213 silly packumentCache full:https://registry.npmjs.org/@img%2fsharp-libvips-linux-arm64 set size:55489 disposed:false
214 silly fetch manifest @img/sharp-libvips-linux-riscv64@1.2.4
215 silly packumentCache full:https://registry.npmjs.org/@img%2fsharp-libvips-linux-riscv64 cache-miss
216 http cache https://registry.npmjs.org/@img%2fsharp-libvips-darwin-arm64 3ms (cache hit)
217 silly packumentCache full:https://registry.npmjs.org/@img%2fsharp-libvips-darwin-arm64 set size:52515 disposed:false
218 silly fetch manifest @img/sharp-libvips-linuxmusl-x64@1.2.4
219 silly packumentCache full:https://registry.npmjs.org/@img%2fsharp-libvips-linuxmusl-x64 cache-miss
220 http cache https://registry.npmjs.org/@img%2fsharp-libvips-linuxmusl-x64 1ms (cache hit)
221 silly packumentCache full:https://registry.npmjs.org/@img%2fsharp-libvips-linuxmusl-x64 set size:53685 disposed:false
222 silly fetch manifest @img/sharp-libvips-linuxmusl-arm64@1.2.4
223 silly packumentCache full:https://registry.npmjs.org/@img%2fsharp-libvips-linuxmusl-arm64 cache-miss
224 http cache https://registry.npmjs.org/@img%2fsharp-libvips-linuxmusl-arm64 1ms (cache hit)
225 silly packumentCache full:https://registry.npmjs.org/@img%2fsharp-libvips-linuxmusl-arm64 set size:54314 disposed:false
226 http fetch GET 200 https://registry.npmjs.org/@img%2fcolour 70ms (cache miss)
227 silly packumentCache full:https://registry.npmjs.org/@img%2fcolour set size:undefined disposed:false
228 http fetch GET 200 https://registry.npmjs.org/@img%2fsharp-win32-arm64 112ms (cache miss)
229 silly packumentCache full:https://registry.npmjs.org/@img%2fsharp-win32-arm64 set size:undefined disposed:false
230 http fetch GET 200 https://registry.npmjs.org/@img%2fsharp-linux-riscv64 112ms (cache miss)
231 silly packumentCache full:https://registry.npmjs.org/@img%2fsharp-linux-riscv64 set size:undefined disposed:false
232 http fetch GET 200 https://registry.npmjs.org/@img%2fsharp-linux-ppc64 119ms (cache miss)
233 silly packumentCache full:https://registry.npmjs.org/@img%2fsharp-linux-ppc64 set size:undefined disposed:false
234 http fetch GET 200 https://registry.npmjs.org/@img%2fsharp-libvips-linux-ppc64 110ms (cache miss)
235 silly packumentCache full:https://registry.npmjs.org/@img%2fsharp-libvips-linux-ppc64 set size:undefined disposed:false
236 http fetch GET 200 https://registry.npmjs.org/@img%2fsharp-libvips-linux-riscv64 111ms (cache miss)
237 silly packumentCache full:https://registry.npmjs.org/@img%2fsharp-libvips-linux-riscv64 set size:undefined disposed:false
238 silly placeDep ROOT scheduler@0.27.0 OK for: react-dom@19.2.4 want: ^0.27.0
239 silly placeDep ROOT @img/colour@1.1.0 OK for: sharp@0.34.5 want: ^1.0.0
240 silly placeDep ROOT @img/sharp-darwin-arm64@0.34.5 OK for: sharp@0.34.5 want: 0.34.5
241 silly placeDep ROOT @img/sharp-darwin-x64@0.34.5 OK for: sharp@0.34.5 want: 0.34.5
242 silly placeDep ROOT @img/sharp-libvips-darwin-arm64@1.2.4 OK for: sharp@0.34.5 want: 1.2.4
243 silly placeDep ROOT @img/sharp-libvips-darwin-x64@1.2.4 OK for: sharp@0.34.5 want: 1.2.4
244 silly placeDep ROOT @img/sharp-libvips-linux-arm@1.2.4 OK for: sharp@0.34.5 want: 1.2.4
245 silly placeDep ROOT @img/sharp-libvips-linux-arm64@1.2.4 OK for: sharp@0.34.5 want: 1.2.4
246 silly placeDep ROOT @img/sharp-libvips-linux-ppc64@1.2.4 OK for: sharp@0.34.5 want: 1.2.4
247 silly placeDep ROOT @img/sharp-libvips-linux-riscv64@1.2.4 OK for: sharp@0.34.5 want: 1.2.4
248 silly placeDep ROOT @img/sharp-libvips-linux-s390x@1.2.4 OK for: sharp@0.34.5 want: 1.2.4
249 silly placeDep ROOT @img/sharp-libvips-linux-x64@1.2.4 OK for: sharp@0.34.5 want: 1.2.4
250 silly placeDep ROOT @img/sharp-libvips-linuxmusl-arm64@1.2.4 OK for: sharp@0.34.5 want: 1.2.4
251 silly placeDep ROOT @img/sharp-libvips-linuxmusl-x64@1.2.4 OK for: sharp@0.34.5 want: 1.2.4
252 silly placeDep ROOT @img/sharp-linux-arm@0.34.5 OK for: sharp@0.34.5 want: 0.34.5
253 silly placeDep ROOT @img/sharp-linux-arm64@0.34.5 OK for: sharp@0.34.5 want: 0.34.5
254 silly placeDep ROOT @img/sharp-linux-ppc64@0.34.5 OK for: sharp@0.34.5 want: 0.34.5
255 silly placeDep ROOT @img/sharp-linux-riscv64@0.34.5 OK for: sharp@0.34.5 want: 0.34.5
256 silly placeDep ROOT @img/sharp-linux-s390x@0.34.5 OK for: sharp@0.34.5 want: 0.34.5
257 silly placeDep ROOT @img/sharp-linux-x64@0.34.5 OK for: sharp@0.34.5 want: 0.34.5
258 silly placeDep ROOT @img/sharp-linuxmusl-arm64@0.34.5 OK for: sharp@0.34.5 want: 0.34.5
259 silly placeDep ROOT @img/sharp-linuxmusl-x64@0.34.5 OK for: sharp@0.34.5 want: 0.34.5
260 silly placeDep ROOT @img/sharp-wasm32@0.34.5 OK for: sharp@0.34.5 want: 0.34.5
261 silly placeDep ROOT @img/sharp-win32-arm64@0.34.5 OK for: sharp@0.34.5 want: 0.34.5
262 silly placeDep ROOT @img/sharp-win32-ia32@0.34.5 OK for: sharp@0.34.5 want: 0.34.5
263 silly placeDep ROOT @img/sharp-win32-x64@0.34.5 OK for: sharp@0.34.5 want: 0.34.5
264 silly placeDep ROOT detect-libc@2.1.2 OK for: sharp@0.34.5 want: ^2.1.2
265 silly placeDep ROOT semver@7.7.4 OK for: sharp@0.34.5 want: ^7.7.3
266 silly fetch manifest @emnapi/runtime@^1.7.0
267 silly packumentCache full:https://registry.npmjs.org/@emnapi%2fruntime cache-miss
268 http cache https://registry.npmjs.org/@emnapi%2fruntime 3ms (cache hit)
269 silly packumentCache full:https://registry.npmjs.org/@emnapi%2fruntime set size:101620 disposed:false
270 silly placeDep ROOT @emnapi/runtime@1.9.0 OK for: @img/sharp-wasm32@0.34.5 want: ^1.7.0
271 silly reify mark retired [
271 silly reify   '/Users/capp/Documents/uk-property-refurb-estimator/node_modules/busboy'
271 silly reify ]
272 silly reify mark retired [
272 silly reify   '/Users/capp/Documents/uk-property-refurb-estimator/node_modules/color'
272 silly reify ]
273 silly reify mark retired [
273 silly reify   '/Users/capp/Documents/uk-property-refurb-estimator/node_modules/color-name'
273 silly reify ]
274 silly reify mark retired [
274 silly reify   '/Users/capp/Documents/uk-property-refurb-estimator/node_modules/color-string'
274 silly reify ]
275 silly reify mark retired [
275 silly reify   '/Users/capp/Documents/uk-property-refurb-estimator/node_modules/color-convert'
275 silly reify ]
276 silly reify mark retired [
276 silly reify   '/Users/capp/Documents/uk-property-refurb-estimator/node_modules/is-arrayish'
276 silly reify ]
277 silly reify mark retired [
277 silly reify   '/Users/capp/Documents/uk-property-refurb-estimator/node_modules/react'
277 silly reify ]
278 silly reify mark retired [
278 silly reify   '/Users/capp/Documents/uk-property-refurb-estimator/node_modules/react-dom'
278 silly reify ]
279 silly reify mark retired [
279 silly reify   '/Users/capp/Documents/uk-property-refurb-estimator/node_modules/next',
279 silly reify   '/Users/capp/Documents/uk-property-refurb-estimator/node_modules/.bin/next'
279 silly reify ]
280 silly reify mark retired [
280 silly reify   '/Users/capp/Documents/uk-property-refurb-estimator/node_modules/scheduler'
280 silly reify ]
281 silly reify mark retired [
281 silly reify   '/Users/capp/Documents/uk-property-refurb-estimator/node_modules/simple-swizzle'
281 silly reify ]
282 silly reify mark retired [
282 silly reify   '/Users/capp/Documents/uk-property-refurb-estimator/node_modules/streamsearch'
282 silly reify ]
283 silly reify mark retired [
283 silly reify   '/Users/capp/Documents/uk-property-refurb-estimator/node_modules/sharp'
283 silly reify ]
284 silly reify mark retired [
284 silly reify   '/Users/capp/Documents/uk-property-refurb-estimator/node_modules/typescript',
284 silly reify   '/Users/capp/Documents/uk-property-refurb-estimator/node_modules/.bin/tsc',
284 silly reify   '/Users/capp/Documents/uk-property-refurb-estimator/node_modules/.bin/tsserver'
284 silly reify ]
285 silly reify mark retired [
285 silly reify   '/Users/capp/Documents/uk-property-refurb-estimator/node_modules/@img/sharp-darwin-arm64'
285 silly reify ]
286 silly reify mark retired [
286 silly reify   '/Users/capp/Documents/uk-property-refurb-estimator/node_modules/@img/sharp-libvips-darwin-arm64'
286 silly reify ]
287 silly reify mark retired [
287 silly reify   '/Users/capp/Documents/uk-property-refurb-estimator/node_modules/@next/env'
287 silly reify ]
288 silly reify mark retired [
288 silly reify   '/Users/capp/Documents/uk-property-refurb-estimator/node_modules/@next/swc-darwin-arm64'
288 silly reify ]
289 silly reify mark retired [
289 silly reify   '/Users/capp/Documents/uk-property-refurb-estimator/node_modules/undici-types'
289 silly reify ]
290 silly reify mark retired [
290 silly reify   '/Users/capp/Documents/uk-property-refurb-estimator/node_modules/@swc/counter'
290 silly reify ]
291 silly reify mark retired [
291 silly reify   '/Users/capp/Documents/uk-property-refurb-estimator/node_modules/@types/react'
291 silly reify ]
292 silly reify mark retired [
292 silly reify   '/Users/capp/Documents/uk-property-refurb-estimator/node_modules/@types/react-dom'
292 silly reify ]
293 silly reify mark retired [
293 silly reify   '/Users/capp/Documents/uk-property-refurb-estimator/node_modules/@types/node'
293 silly reify ]
294 silly reify moves {
294 silly reify   '/Users/capp/Documents/uk-property-refurb-estimator/node_modules/busboy': '/Users/capp/Documents/uk-property-refurb-estimator/node_modules/.busboy-pczYmnJN',
294 silly reify   '/Users/capp/Documents/uk-property-refurb-estimator/node_modules/color': '/Users/capp/Documents/uk-property-refurb-estimator/node_modules/.color-BAH4ifse',
294 silly reify   '/Users/capp/Documents/uk-property-refurb-estimator/node_modules/color-name': '/Users/capp/Documents/uk-property-refurb-estimator/node_modules/.color-name-tc3lcYZ7',
294 silly reify   '/Users/capp/Documents/uk-property-refurb-estimator/node_modules/color-string': '/Users/capp/Documents/uk-property-refurb-estimator/node_modules/.color-string-xAKs7KaR',
294 silly reify   '/Users/capp/Documents/uk-property-refurb-estimator/node_modules/color-convert': '/Users/capp/Documents/uk-property-refurb-estimator/node_modules/.color-convert-nJ69VMzD',
294 silly reify   '/Users/capp/Documents/uk-property-refurb-estimator/node_modules/is-arrayish': '/Users/capp/Documents/uk-property-refurb-estimator/node_modules/.is-arrayish-2eao2bri',
294 silly reify   '/Users/capp/Documents/uk-property-refurb-estimator/node_modules/react': '/Users/capp/Documents/uk-property-refurb-estimator/node_modules/.react-ArtUe6aC',
294 silly reify   '/Users/capp/Documents/uk-property-refurb-estimator/node_modules/react-dom': '/Users/capp/Documents/uk-property-refurb-estimator/node_modules/.react-dom-QDzn1xsC',
294 silly reify   '/Users/capp/Documents/uk-property-refurb-estimator/node_modules/next': '/Users/capp/Documents/uk-property-refurb-estimator/node_modules/.next-QhZu227A',
294 silly reify   '/Users/capp/Documents/uk-property-refurb-estimator/node_modules/.bin/next': '/Users/capp/Documents/uk-property-refurb-estimator/node_modules/.bin/.next-qt1T2q9q',
294 silly reify   '/Users/capp/Documents/uk-property-refurb-estimator/node_modules/scheduler': '/Users/capp/Documents/uk-property-refurb-estimator/node_modules/.scheduler-gVB5hbSI',
294 silly reify   '/Users/capp/Documents/uk-property-refurb-estimator/node_modules/simple-swizzle': '/Users/capp/Documents/uk-property-refurb-estimator/node_modules/.simple-swizzle-XixbyGrl',
294 silly reify   '/Users/capp/Documents/uk-property-refurb-estimator/node_modules/streamsearch': '/Users/capp/Documents/uk-property-refurb-estimator/node_modules/.streamsearch-XyLFwp0X',
294 silly reify   '/Users/capp/Documents/uk-property-refurb-estimator/node_modules/sharp': '/Users/capp/Documents/uk-property-refurb-estimator/node_modules/.sharp-XRaBJdWy',
294 silly reify   '/Users/capp/Documents/uk-property-refurb-estimator/node_modules/typescript': '/Users/capp/Documents/uk-property-refurb-estimator/node_modules/.typescript-6CON5rdE',
294 silly reify   '/Users/capp/Documents/uk-property-refurb-estimator/node_modules/.bin/tsc': '/Users/capp/Documents/uk-property-refurb-estimator/node_modules/.bin/.tsc-4aKIDxUJ',
294 silly reify   '/Users/capp/Documents/uk-property-refurb-estimator/node_modules/.bin/tsserver': '/Users/capp/Documents/uk-property-refurb-estimator/node_modules/.bin/.tsserver-1AXlAk35',
294 silly reify   '/Users/capp/Documents/uk-property-refurb-estimator/node_modules/@img/sharp-darwin-arm64': '/Users/capp/Documents/uk-property-refurb-estimator/node_modules/@img/.sharp-darwin-arm64-pR482Tk9',
294 silly reify   '/Users/capp/Documents/uk-property-refurb-estimator/node_modules/@img/sharp-libvips-darwin-arm64': '/Users/capp/Documents/uk-property-refurb-estimator/node_modules/@img/.sharp-libvips-darwin-arm64-SnK6dEAz',
294 silly reify   '/Users/capp/Documents/uk-property-refurb-estimator/node_modules/@next/env': '/Users/capp/Documents/uk-property-refurb-estimator/node_modules/@next/.env-weipejpl',
294 silly reify   '/Users/capp/Documents/uk-property-refurb-estimator/node_modules/@next/swc-darwin-arm64': '/Users/capp/Documents/uk-property-refurb-estimator/node_modules/@next/.swc-darwin-arm64-tbsAlr5H',
294 silly reify   '/Users/capp/Documents/uk-property-refurb-estimator/node_modules/undici-types': '/Users/capp/Documents/uk-property-refurb-estimator/node_modules/.undici-types-ouHi3dIY',
294 silly reify   '/Users/capp/Documents/uk-property-refurb-estimator/node_modules/@swc/counter': '/Users/capp/Documents/uk-property-refurb-estimator/node_modules/@swc/.counter-Ux0SrMXJ',
294 silly reify   '/Users/capp/Documents/uk-property-refurb-estimator/node_modules/@types/react': '/Users/capp/Documents/uk-property-refurb-estimator/node_modules/@types/.react-FR0nmD4X',
294 silly reify   '/Users/capp/Documents/uk-property-refurb-estimator/node_modules/@types/react-dom': '/Users/capp/Documents/uk-property-refurb-estimator/node_modules/@types/.react-dom-QlTVZ06f',
294 silly reify   '/Users/capp/Documents/uk-property-refurb-estimator/node_modules/@types/node': '/Users/capp/Documents/uk-property-refurb-estimator/node_modules/@types/.node-eF3PU0YF'
294 silly reify }
295 silly audit bulk request {
295 silly audit   '@swc/helpers': [ '0.5.15' ],
295 silly audit   'caniuse-lite': [ '1.0.30001780' ],
295 silly audit   'client-only': [ '0.0.1' ],
295 silly audit   csstype: [ '3.2.3' ],
295 silly audit   nanoid: [ '3.3.11' ],
295 silly audit   picocolors: [ '1.1.1' ],
295 silly audit   postcss: [ '8.4.31' ],
295 silly audit   'source-map-js': [ '1.2.1' ],
295 silly audit   'styled-jsx': [ '5.1.6' ],
295 silly audit   tslib: [ '2.8.1' ],
295 silly audit   '@types/node': [ '25.5.0' ],
295 silly audit   '@types/react': [ '19.2.14' ],
295 silly audit   '@types/react-dom': [ '19.2.3' ],
295 silly audit   next: [ '16.2.0' ],
295 silly audit   react: [ '19.2.4' ],
295 silly audit   'react-dom': [ '19.2.4' ],
295 silly audit   typescript: [ '5.9.3' ],
295 silly audit   'undici-types': [ '7.18.2' ],
295 silly audit   '@next/env': [ '16.2.0' ],
295 silly audit   '@next/swc-darwin-arm64': [ '16.2.0' ],
295 silly audit   '@next/swc-darwin-x64': [ '16.2.0' ],
295 silly audit   '@next/swc-linux-arm64-gnu': [ '16.2.0' ],
295 silly audit   '@next/swc-linux-arm64-musl': [ '16.2.0' ],
295 silly audit   '@next/swc-linux-x64-gnu': [ '16.2.0' ],
295 silly audit   '@next/swc-linux-x64-musl': [ '16.2.0' ],
295 silly audit   '@next/swc-win32-arm64-msvc': [ '16.2.0' ],
295 silly audit   '@next/swc-win32-x64-msvc': [ '16.2.0' ],
295 silly audit   'baseline-browser-mapping': [ '2.10.8' ],
295 silly audit   sharp: [ '0.34.5' ],
295 silly audit   scheduler: [ '0.27.0' ],
295 silly audit   '@img/colour': [ '1.1.0' ],
295 silly audit   '@img/sharp-darwin-arm64': [ '0.34.5' ],
295 silly audit   '@img/sharp-darwin-x64': [ '0.34.5' ],
295 silly audit   '@img/sharp-libvips-darwin-arm64': [ '1.2.4' ],
295 silly audit   '@img/sharp-libvips-darwin-x64': [ '1.2.4' ],
295 silly audit   '@img/sharp-libvips-linux-arm': [ '1.2.4' ],
295 silly audit   '@img/sharp-libvips-linux-arm64': [ '1.2.4' ],
295 silly audit   '@img/sharp-libvips-linux-ppc64': [ '1.2.4' ],
295 silly audit   '@img/sharp-libvips-linux-riscv64': [ '1.2.4' ],
295 silly audit   '@img/sharp-libvips-linux-s390x': [ '1.2.4' ],
295 silly audit   '@img/sharp-libvips-linux-x64': [ '1.2.4' ],
295 silly audit   '@img/sharp-libvips-linuxmusl-arm64': [ '1.2.4' ],
295 silly audit   '@img/sharp-libvips-linuxmusl-x64': [ '1.2.4' ],
295 silly audit   '@img/sharp-linux-arm': [ '0.34.5' ],
295 silly audit   '@img/sharp-linux-arm64': [ '0.34.5' ],
295 silly audit   '@img/sharp-linux-ppc64': [ '0.34.5' ],
295 silly audit   '@img/sharp-linux-riscv64': [ '0.34.5' ],
295 silly audit   '@img/sharp-linux-s390x': [ '0.34.5' ],
295 silly audit   '@img/sharp-linux-x64': [ '0.34.5' ],
295 silly audit   '@img/sharp-linuxmusl-arm64': [ '0.34.5' ],
295 silly audit   '@img/sharp-linuxmusl-x64': [ '0.34.5' ],
295 silly audit   '@img/sharp-wasm32': [ '0.34.5' ],
295 silly audit   '@img/sharp-win32-arm64': [ '0.34.5' ],
295 silly audit   '@img/sharp-win32-ia32': [ '0.34.5' ],
295 silly audit   '@img/sharp-win32-x64': [ '0.34.5' ],
295 silly audit   'detect-libc': [ '2.1.2' ],
295 silly audit   semver: [ '7.7.4' ],
295 silly audit   '@emnapi/runtime': [ '1.9.0' ]
295 silly audit }
296 http cache @img/colour@https://registry.npmjs.org/@img/colour/-/colour-1.1.0.tgz 0ms (cache hit)
297 http cache baseline-browser-mapping@https://registry.npmjs.org/baseline-browser-mapping/-/baseline-browser-mapping-2.10.8.tgz 0ms (cache hit)
298 http cache @types/node@https://registry.npmjs.org/@types/node/-/node-25.5.0.tgz 0ms (cache hit)
299 http cache @types/react-dom@https://registry.npmjs.org/@types/react-dom/-/react-dom-19.2.3.tgz 0ms (cache hit)
300 http cache @types/react@https://registry.npmjs.org/@types/react/-/react-19.2.14.tgz 0ms (cache hit)
301 http cache undici-types@https://registry.npmjs.org/undici-types/-/undici-types-7.18.2.tgz 0ms (cache hit)
302 http cache @next/env@https://registry.npmjs.org/@next/env/-/env-16.2.0.tgz 0ms (cache hit)
303 http cache @next/swc-darwin-arm64@https://registry.npmjs.org/@next/swc-darwin-arm64/-/swc-darwin-arm64-16.2.0.tgz 0ms (cache hit)
304 http cache @img/sharp-darwin-arm64@https://registry.npmjs.org/@img/sharp-darwin-arm64/-/sharp-darwin-arm64-0.34.5.tgz 0ms (cache hit)
305 http cache typescript@https://registry.npmjs.org/typescript/-/typescript-5.9.3.tgz 0ms (cache hit)
306 http cache sharp@https://registry.npmjs.org/sharp/-/sharp-0.34.5.tgz 0ms (cache hit)
307 http cache scheduler@https://registry.npmjs.org/scheduler/-/scheduler-0.27.0.tgz 0ms (cache hit)
308 http cache next@https://registry.npmjs.org/next/-/next-16.2.0.tgz 0ms (cache hit)
309 http cache react@https://registry.npmjs.org/react/-/react-19.2.4.tgz 0ms (cache hit)
310 http cache @img/sharp-libvips-darwin-arm64@https://registry.npmjs.org/@img/sharp-libvips-darwin-arm64/-/sharp-libvips-darwin-arm64-1.2.4.tgz 0ms (cache hit)
311 http cache react-dom@https://registry.npmjs.org/react-dom/-/react-dom-19.2.4.tgz 0ms (cache hit)
312 silly tarball no local data for @img/colour@https://registry.npmjs.org/@img/colour/-/colour-1.1.0.tgz. Extracting by manifest.
313 silly tarball no local data for baseline-browser-mapping@https://registry.npmjs.org/baseline-browser-mapping/-/baseline-browser-mapping-2.10.8.tgz. Extracting by manifest.
314 silly tarball no local data for @types/node@https://registry.npmjs.org/@types/node/-/node-25.5.0.tgz. Extracting by manifest.
315 silly tarball no local data for @types/react-dom@https://registry.npmjs.org/@types/react-dom/-/react-dom-19.2.3.tgz. Extracting by manifest.
316 silly tarball no local data for @types/react@https://registry.npmjs.org/@types/react/-/react-19.2.14.tgz. Extracting by manifest.
317 silly tarball no local data for undici-types@https://registry.npmjs.org/undici-types/-/undici-types-7.18.2.tgz. Extracting by manifest.
318 silly tarball no local data for @next/env@https://registry.npmjs.org/@next/env/-/env-16.2.0.tgz. Extracting by manifest.
319 silly tarball no local data for @next/swc-darwin-arm64@https://registry.npmjs.org/@next/swc-darwin-arm64/-/swc-darwin-arm64-16.2.0.tgz. Extracting by manifest.
320 silly tarball no local data for @img/sharp-darwin-arm64@https://registry.npmjs.org/@img/sharp-darwin-arm64/-/sharp-darwin-arm64-0.34.5.tgz. Extracting by manifest.
321 silly tarball no local data for typescript@https://registry.npmjs.org/typescript/-/typescript-5.9.3.tgz. Extracting by manifest.
322 silly tarball no local data for sharp@https://registry.npmjs.org/sharp/-/sharp-0.34.5.tgz. Extracting by manifest.
323 silly tarball no local data for scheduler@https://registry.npmjs.org/scheduler/-/scheduler-0.27.0.tgz. Extracting by manifest.
324 silly tarball no local data for next@https://registry.npmjs.org/next/-/next-16.2.0.tgz. Extracting by manifest.
325 silly tarball no local data for react@https://registry.npmjs.org/react/-/react-19.2.4.tgz. Extracting by manifest.
326 silly tarball no local data for @img/sharp-libvips-darwin-arm64@https://registry.npmjs.org/@img/sharp-libvips-darwin-arm64/-/sharp-libvips-darwin-arm64-1.2.4.tgz. Extracting by manifest.
327 silly tarball no local data for react-dom@https://registry.npmjs.org/react-dom/-/react-dom-19.2.4.tgz. Extracting by manifest.
328 http fetch GET 200 https://registry.npmjs.org/baseline-browser-mapping/-/baseline-browser-mapping-2.10.8.tgz 62ms (cache miss)
329 http fetch GET 200 https://registry.npmjs.org/@types/react-dom/-/react-dom-19.2.3.tgz 66ms (cache miss)
330 http fetch GET 200 https://registry.npmjs.org/@types/react/-/react-19.2.14.tgz 74ms (cache miss)
331 http fetch GET 200 https://registry.npmjs.org/@img/colour/-/colour-1.1.0.tgz 79ms (cache miss)
332 http fetch GET 200 https://registry.npmjs.org/@types/node/-/node-25.5.0.tgz 129ms (cache miss)
333 http fetch GET 200 https://registry.npmjs.org/undici-types/-/undici-types-7.18.2.tgz 165ms (cache miss)
334 http fetch GET 200 https://registry.npmjs.org/@next/env/-/env-16.2.0.tgz 180ms (cache miss)
335 http fetch POST 200 https://registry.npmjs.org/-/npm/v1/security/advisories/bulk 231ms
336 silly audit report {}
337 http fetch GET 200 https://registry.npmjs.org/@img/sharp-darwin-arm64/-/sharp-darwin-arm64-0.34.5.tgz 232ms (cache miss)
338 http fetch GET 200 https://registry.npmjs.org/sharp/-/sharp-0.34.5.tgz 336ms (cache miss)
339 http fetch GET 200 https://registry.npmjs.org/scheduler/-/scheduler-0.27.0.tgz 540ms (cache miss)
340 http fetch GET 200 https://registry.npmjs.org/react/-/react-19.2.4.tgz 556ms (cache miss)
341 http fetch GET 200 https://registry.npmjs.org/react-dom/-/react-dom-19.2.4.tgz 1025ms (cache miss)
342 http fetch GET 200 https://registry.npmjs.org/typescript/-/typescript-5.9.3.tgz 3296ms (cache miss)
343 http fetch GET 200 https://registry.npmjs.org/@img/sharp-libvips-darwin-arm64/-/sharp-libvips-darwin-arm64-1.2.4.tgz 3355ms (cache miss)
344 http fetch GET 200 https://registry.npmjs.org/@next/swc-darwin-arm64/-/swc-darwin-arm64-16.2.0.tgz 11863ms (cache miss)
345 http fetch GET 200 https://registry.npmjs.org/next/-/next-16.2.0.tgz 11865ms (cache miss)
346 info run sharp@0.34.5 install node_modules/sharp node install/check.js || npm run build
347 info run sharp@0.34.5 install { code: 0, signal: null }
348 silly ADD node_modules/@img/colour
349 silly ADD node_modules/baseline-browser-mapping
350 silly CHANGE node_modules/@types/node
351 silly CHANGE node_modules/@types/react-dom
352 silly CHANGE node_modules/@types/react
353 silly REMOVE node_modules/@swc/counter
354 silly CHANGE node_modules/undici-types
355 silly CHANGE node_modules/@next/swc-darwin-arm64
356 silly CHANGE node_modules/@next/env
357 silly CHANGE node_modules/@img/sharp-libvips-darwin-arm64
358 silly CHANGE node_modules/@img/sharp-darwin-arm64
359 silly CHANGE node_modules/typescript
360 silly CHANGE node_modules/sharp
361 silly REMOVE node_modules/streamsearch
362 silly REMOVE node_modules/simple-swizzle
363 silly CHANGE node_modules/scheduler
364 silly CHANGE node_modules/next
365 silly CHANGE node_modules/react-dom
366 silly CHANGE node_modules/react
367 silly REMOVE node_modules/is-arrayish
368 silly REMOVE node_modules/color-convert
369 silly REMOVE node_modules/color-string
370 silly REMOVE node_modules/color-name
371 silly REMOVE node_modules/color
372 silly REMOVE node_modules/busboy
373 verbose cwd /Users/capp/Documents/uk-property-refurb-estimator
374 verbose os Darwin 25.4.0
375 verbose node v25.6.1
376 verbose npm  v11.9.0
377 verbose exit 0
378 info ok
